2023-10-24 20:35:42 INFO     Saving logs in: /data/liuruizhou/KGE_model/KGEmd/logs/10_24/FB237/AttH_20_35_42
2023-10-24 20:35:42 INFO     	 (14541, 474, 14541)
2023-10-24 20:35:43 INFO     Total number of parameters 570708
2023-10-24 20:35:43 INFO     	 Start training
2023-10-24 20:35:54 INFO     	 Epoch 0 | average train loss: 0.0399
2023-10-24 20:35:54 INFO     	 Epoch 0 | average valid loss: 0.0249
2023-10-24 20:36:06 INFO     	 Epoch 1 | average train loss: 0.0253
2023-10-24 20:36:06 INFO     	 Epoch 1 | average valid loss: 0.0203
2023-10-24 20:36:18 INFO     	 Epoch 2 | average train loss: 0.0220
2023-10-24 20:36:18 INFO     	 Epoch 2 | average valid loss: 0.0185
2023-10-24 20:36:29 INFO     	 Epoch 3 | average train loss: 0.0205
2023-10-24 20:36:29 INFO     	 Epoch 3 | average valid loss: 0.0177
2023-10-24 20:36:41 INFO     	 Epoch 4 | average train loss: 0.0195
2023-10-24 20:36:41 INFO     	 Epoch 4 | average valid loss: 0.0171
2023-10-24 20:36:45 INFO     	 valid MR: 285.83 | MRR: 0.266 | H@1: 0.188 | H@3: 0.292 | H@10: 0.419
2023-10-24 20:36:45 INFO     	 test MR: 296.29 | MRR: 0.266 | H@1: 0.189 | H@3: 0.290 | H@10: 0.417
2023-10-24 20:36:45 INFO     	 Saving model at epoch 4 in /data/liuruizhou/KGE_model/KGEmd/logs/10_24/FB237/AttH_20_35_42
2023-10-24 20:36:57 INFO     	 Epoch 5 | average train loss: 0.0188
2023-10-24 20:36:57 INFO     	 Epoch 5 | average valid loss: 0.0167
2023-10-24 20:37:09 INFO     	 Epoch 6 | average train loss: 0.0183
2023-10-24 20:37:09 INFO     	 Epoch 6 | average valid loss: 0.0164
2023-10-24 20:37:25 INFO     	 Epoch 7 | average train loss: 0.0178
2023-10-24 20:37:25 INFO     	 Epoch 7 | average valid loss: 0.0161
2023-10-24 20:37:41 INFO     	 Epoch 8 | average train loss: 0.0175
2023-10-24 20:37:41 INFO     	 Epoch 8 | average valid loss: 0.0159
2023-10-24 20:37:57 INFO     	 Epoch 9 | average train loss: 0.0172
2023-10-24 20:37:57 INFO     	 Epoch 9 | average valid loss: 0.0158
2023-10-24 20:38:01 INFO     	 valid MR: 235.74 | MRR: 0.284 | H@1: 0.203 | H@3: 0.311 | H@10: 0.446
2023-10-24 20:38:01 INFO     	 test MR: 247.51 | MRR: 0.282 | H@1: 0.200 | H@3: 0.307 | H@10: 0.446
2023-10-24 20:38:01 INFO     	 Saving model at epoch 9 in /data/liuruizhou/KGE_model/KGEmd/logs/10_24/FB237/AttH_20_35_42
2023-10-24 20:38:16 INFO     	 Epoch 10 | average train loss: 0.0169
2023-10-24 20:38:17 INFO     	 Epoch 10 | average valid loss: 0.0156
2023-10-24 20:38:35 INFO     	 Epoch 11 | average train loss: 0.0167
2023-10-24 20:38:36 INFO     	 Epoch 11 | average valid loss: 0.0155
2023-10-24 20:38:55 INFO     	 Epoch 12 | average train loss: 0.0165
2023-10-24 20:38:55 INFO     	 Epoch 12 | average valid loss: 0.0154
2023-10-24 20:39:12 INFO     	 Epoch 13 | average train loss: 0.0163
2023-10-24 20:39:12 INFO     	 Epoch 13 | average valid loss: 0.0153
2023-10-24 20:39:30 INFO     	 Epoch 14 | average train loss: 0.0162
2023-10-24 20:39:30 INFO     	 Epoch 14 | average valid loss: 0.0152
2023-10-24 20:39:35 INFO     	 valid MR: 217.91 | MRR: 0.292 | H@1: 0.209 | H@3: 0.319 | H@10: 0.458
2023-10-24 20:39:35 INFO     	 test MR: 230.56 | MRR: 0.289 | H@1: 0.205 | H@3: 0.316 | H@10: 0.458
2023-10-24 20:39:35 INFO     	 Saving model at epoch 14 in /data/liuruizhou/KGE_model/KGEmd/logs/10_24/FB237/AttH_20_35_42
2023-10-24 20:39:52 INFO     	 Epoch 15 | average train loss: 0.0160
2023-10-24 20:39:52 INFO     	 Epoch 15 | average valid loss: 0.0151
2023-10-24 20:40:09 INFO     	 Epoch 16 | average train loss: 0.0159
2023-10-24 20:40:09 INFO     	 Epoch 16 | average valid loss: 0.0151
2023-10-24 20:40:24 INFO     	 Epoch 17 | average train loss: 0.0157
2023-10-24 20:40:24 INFO     	 Epoch 17 | average valid loss: 0.0150
2023-10-24 20:40:42 INFO     	 Epoch 18 | average train loss: 0.0156
2023-10-24 20:40:42 INFO     	 Epoch 18 | average valid loss: 0.0150
2023-10-24 20:40:58 INFO     	 Epoch 19 | average train loss: 0.0155
2023-10-24 20:40:58 INFO     	 Epoch 19 | average valid loss: 0.0149
2023-10-24 20:41:03 INFO     	 valid MR: 207.36 | MRR: 0.299 | H@1: 0.215 | H@3: 0.327 | H@10: 0.468
2023-10-24 20:41:03 INFO     	 test MR: 219.56 | MRR: 0.296 | H@1: 0.210 | H@3: 0.324 | H@10: 0.467
2023-10-24 20:41:03 INFO     	 Saving model at epoch 19 in /data/liuruizhou/KGE_model/KGEmd/logs/10_24/FB237/AttH_20_35_42
2023-10-24 20:41:20 INFO     	 Epoch 20 | average train loss: 0.0154
2023-10-24 20:41:20 INFO     	 Epoch 20 | average valid loss: 0.0149
2023-10-24 20:41:39 INFO     	 Epoch 21 | average train loss: 0.0153
2023-10-24 20:41:39 INFO     	 Epoch 21 | average valid loss: 0.0149
2023-10-24 20:41:55 INFO     	 Epoch 22 | average train loss: 0.0152
2023-10-24 20:41:55 INFO     	 Epoch 22 | average valid loss: 0.0148
2023-10-24 20:42:10 INFO     	 Epoch 23 | average train loss: 0.0151
2023-10-24 20:42:10 INFO     	 Epoch 23 | average valid loss: 0.0148
2023-10-24 20:42:25 INFO     	 Epoch 24 | average train loss: 0.0150
2023-10-24 20:42:25 INFO     	 Epoch 24 | average valid loss: 0.0148
2023-10-24 20:42:30 INFO     	 valid MR: 200.99 | MRR: 0.302 | H@1: 0.216 | H@3: 0.332 | H@10: 0.474
2023-10-24 20:42:30 INFO     	 test MR: 212.51 | MRR: 0.299 | H@1: 0.213 | H@3: 0.328 | H@10: 0.475
2023-10-24 20:42:30 INFO     	 Saving model at epoch 24 in /data/liuruizhou/KGE_model/KGEmd/logs/10_24/FB237/AttH_20_35_42
2023-10-24 20:42:45 INFO     	 Epoch 25 | average train loss: 0.0150
2023-10-24 20:42:45 INFO     	 Epoch 25 | average valid loss: 0.0148
2023-10-24 20:43:01 INFO     	 Epoch 26 | average train loss: 0.0149
2023-10-24 20:43:02 INFO     	 Epoch 26 | average valid loss: 0.0147
2023-10-24 20:43:21 INFO     	 Epoch 27 | average train loss: 0.0148
2023-10-24 20:43:21 INFO     	 Epoch 27 | average valid loss: 0.0147
2023-10-24 20:43:38 INFO     	 Epoch 28 | average train loss: 0.0148
2023-10-24 20:43:38 INFO     	 Epoch 28 | average valid loss: 0.0147
2023-10-24 20:43:54 INFO     	 Epoch 29 | average train loss: 0.0147
2023-10-24 20:43:54 INFO     	 Epoch 29 | average valid loss: 0.0147
2023-10-24 20:43:59 INFO     	 valid MR: 195.59 | MRR: 0.306 | H@1: 0.220 | H@3: 0.336 | H@10: 0.480
2023-10-24 20:43:59 INFO     	 test MR: 207.37 | MRR: 0.303 | H@1: 0.215 | H@3: 0.333 | H@10: 0.480
2023-10-24 20:43:59 INFO     	 Saving model at epoch 29 in /data/liuruizhou/KGE_model/KGEmd/logs/10_24/FB237/AttH_20_35_42
2023-10-24 20:44:16 INFO     	 Epoch 30 | average train loss: 0.0146
2023-10-24 20:44:16 INFO     	 Epoch 30 | average valid loss: 0.0146
2023-10-24 20:44:32 INFO     	 Epoch 31 | average train loss: 0.0146
2023-10-24 20:44:32 INFO     	 Epoch 31 | average valid loss: 0.0146
2023-10-24 20:44:49 INFO     	 Epoch 32 | average train loss: 0.0145
2023-10-24 20:44:49 INFO     	 Epoch 32 | average valid loss: 0.0146
2023-10-24 20:45:04 INFO     	 Epoch 33 | average train loss: 0.0145
2023-10-24 20:45:04 INFO     	 Epoch 33 | average valid loss: 0.0146
2023-10-24 20:45:20 INFO     	 Epoch 34 | average train loss: 0.0144
2023-10-24 20:45:20 INFO     	 Epoch 34 | average valid loss: 0.0146
2023-10-24 20:45:25 INFO     	 valid MR: 192.00 | MRR: 0.306 | H@1: 0.219 | H@3: 0.337 | H@10: 0.482
2023-10-24 20:45:25 INFO     	 test MR: 203.73 | MRR: 0.304 | H@1: 0.216 | H@3: 0.334 | H@10: 0.481
2023-10-24 20:45:25 INFO     	 Saving model at epoch 34 in /data/liuruizhou/KGE_model/KGEmd/logs/10_24/FB237/AttH_20_35_42
2023-10-24 20:45:41 INFO     	 Epoch 35 | average train loss: 0.0144
2023-10-24 20:45:41 INFO     	 Epoch 35 | average valid loss: 0.0145
2023-10-24 20:45:57 INFO     	 Epoch 36 | average train loss: 0.0143
2023-10-24 20:45:57 INFO     	 Epoch 36 | average valid loss: 0.0146
2023-10-24 20:46:14 INFO     	 Epoch 37 | average train loss: 0.0143
2023-10-24 20:46:14 INFO     	 Epoch 37 | average valid loss: 0.0145
2023-10-24 20:46:31 INFO     	 Epoch 38 | average train loss: 0.0142
2023-10-24 20:46:31 INFO     	 Epoch 38 | average valid loss: 0.0145
2023-10-24 20:46:49 INFO     	 Epoch 39 | average train loss: 0.0142
2023-10-24 20:46:49 INFO     	 Epoch 39 | average valid loss: 0.0145
2023-10-24 20:46:54 INFO     	 valid MR: 189.10 | MRR: 0.310 | H@1: 0.223 | H@3: 0.339 | H@10: 0.485
2023-10-24 20:46:54 INFO     	 test MR: 200.29 | MRR: 0.306 | H@1: 0.217 | H@3: 0.335 | H@10: 0.483
2023-10-24 20:46:54 INFO     	 Saving model at epoch 39 in /data/liuruizhou/KGE_model/KGEmd/logs/10_24/FB237/AttH_20_35_42
2023-10-24 20:47:12 INFO     	 Epoch 40 | average train loss: 0.0141
2023-10-24 20:47:12 INFO     	 Epoch 40 | average valid loss: 0.0144
2023-10-24 20:47:28 INFO     	 Epoch 41 | average train loss: 0.0141
2023-10-24 20:47:29 INFO     	 Epoch 41 | average valid loss: 0.0146
2023-10-24 20:47:42 INFO     	 Epoch 42 | average train loss: 0.0140
2023-10-24 20:47:42 INFO     	 Epoch 42 | average valid loss: 0.0145
2023-10-24 20:47:59 INFO     	 Epoch 43 | average train loss: 0.0140
2023-10-24 20:47:59 INFO     	 Epoch 43 | average valid loss: 0.0144
2023-10-24 20:48:12 INFO     	 Epoch 44 | average train loss: 0.0140
2023-10-24 20:48:12 INFO     	 Epoch 44 | average valid loss: 0.0145
2023-10-24 20:48:17 INFO     	 valid MR: 186.74 | MRR: 0.311 | H@1: 0.223 | H@3: 0.340 | H@10: 0.488
2023-10-24 20:48:17 INFO     	 test MR: 197.77 | MRR: 0.307 | H@1: 0.218 | H@3: 0.338 | H@10: 0.486
2023-10-24 20:48:17 INFO     	 Saving model at epoch 44 in /data/liuruizhou/KGE_model/KGEmd/logs/10_24/FB237/AttH_20_35_42
2023-10-24 20:48:33 INFO     	 Epoch 45 | average train loss: 0.0139
2023-10-24 20:48:33 INFO     	 Epoch 45 | average valid loss: 0.0145
2023-10-24 20:48:48 INFO     	 Epoch 46 | average train loss: 0.0139
2023-10-24 20:48:48 INFO     	 Epoch 46 | average valid loss: 0.0144
2023-10-24 20:49:04 INFO     	 Epoch 47 | average train loss: 0.0138
2023-10-24 20:49:04 INFO     	 Epoch 47 | average valid loss: 0.0145
2023-10-24 20:49:21 INFO     	 Epoch 48 | average train loss: 0.0138
2023-10-24 20:49:21 INFO     	 Epoch 48 | average valid loss: 0.0144
2023-10-24 20:49:38 INFO     	 Epoch 49 | average train loss: 0.0138
2023-10-24 20:49:38 INFO     	 Epoch 49 | average valid loss: 0.0144
2023-10-24 20:49:43 INFO     	 valid MR: 184.48 | MRR: 0.313 | H@1: 0.225 | H@3: 0.343 | H@10: 0.490
2023-10-24 20:49:43 INFO     	 test MR: 195.57 | MRR: 0.309 | H@1: 0.220 | H@3: 0.340 | H@10: 0.487
2023-10-24 20:49:43 INFO     	 Saving model at epoch 49 in /data/liuruizhou/KGE_model/KGEmd/logs/10_24/FB237/AttH_20_35_42
2023-10-24 20:49:59 INFO     	 Epoch 50 | average train loss: 0.0137
2023-10-24 20:49:59 INFO     	 Epoch 50 | average valid loss: 0.0144
2023-10-24 20:50:15 INFO     	 Epoch 51 | average train loss: 0.0137
2023-10-24 20:50:15 INFO     	 Epoch 51 | average valid loss: 0.0144
2023-10-24 20:50:32 INFO     	 Epoch 52 | average train loss: 0.0137
2023-10-24 20:50:32 INFO     	 Epoch 52 | average valid loss: 0.0144
2023-10-24 20:50:49 INFO     	 Epoch 53 | average train loss: 0.0136
2023-10-24 20:50:49 INFO     	 Epoch 53 | average valid loss: 0.0144
2023-10-24 20:51:06 INFO     	 Epoch 54 | average train loss: 0.0136
2023-10-24 20:51:07 INFO     	 Epoch 54 | average valid loss: 0.0144
2023-10-24 20:51:12 INFO     	 valid MR: 183.10 | MRR: 0.313 | H@1: 0.225 | H@3: 0.344 | H@10: 0.492
2023-10-24 20:51:12 INFO     	 test MR: 193.73 | MRR: 0.309 | H@1: 0.220 | H@3: 0.340 | H@10: 0.488
2023-10-24 20:51:12 INFO     	 Saving model at epoch 54 in /data/liuruizhou/KGE_model/KGEmd/logs/10_24/FB237/AttH_20_35_42
2023-10-24 20:51:29 INFO     	 Epoch 55 | average train loss: 0.0136
2023-10-24 20:51:29 INFO     	 Epoch 55 | average valid loss: 0.0144
2023-10-24 20:51:43 INFO     	 Epoch 56 | average train loss: 0.0136
2023-10-24 20:51:43 INFO     	 Epoch 56 | average valid loss: 0.0143
2023-10-24 20:52:01 INFO     	 Epoch 57 | average train loss: 0.0135
2023-10-24 20:52:02 INFO     	 Epoch 57 | average valid loss: 0.0145
2023-10-24 20:52:13 INFO     	 Epoch 58 | average train loss: 0.0135
2023-10-24 20:52:13 INFO     	 Epoch 58 | average valid loss: 0.0143
2023-10-24 20:52:26 INFO     	 Epoch 59 | average train loss: 0.0135
2023-10-24 20:52:26 INFO     	 Epoch 59 | average valid loss: 0.0143
2023-10-24 20:52:32 INFO     	 valid MR: 181.68 | MRR: 0.314 | H@1: 0.226 | H@3: 0.345 | H@10: 0.493
2023-10-24 20:52:32 INFO     	 test MR: 192.44 | MRR: 0.310 | H@1: 0.221 | H@3: 0.342 | H@10: 0.489
2023-10-24 20:52:32 INFO     	 Saving model at epoch 59 in /data/liuruizhou/KGE_model/KGEmd/logs/10_24/FB237/AttH_20_35_42
2023-10-24 20:52:46 INFO     	 Epoch 60 | average train loss: 0.0135
2023-10-24 20:52:46 INFO     	 Epoch 60 | average valid loss: 0.0144
2023-10-24 20:53:07 INFO     	 Epoch 61 | average train loss: 0.0134
2023-10-24 20:53:07 INFO     	 Epoch 61 | average valid loss: 0.0144
2023-10-24 20:53:23 INFO     	 Epoch 62 | average train loss: 0.0134
2023-10-24 20:53:23 INFO     	 Epoch 62 | average valid loss: 0.0144
2023-10-24 20:53:39 INFO     	 Epoch 63 | average train loss: 0.0134
2023-10-24 20:53:39 INFO     	 Epoch 63 | average valid loss: 0.0144
2023-10-24 20:53:54 INFO     	 Epoch 64 | average train loss: 0.0134
2023-10-24 20:53:54 INFO     	 Epoch 64 | average valid loss: 0.0144
2023-10-24 20:54:00 INFO     	 valid MR: 180.64 | MRR: 0.315 | H@1: 0.226 | H@3: 0.346 | H@10: 0.494
2023-10-24 20:54:00 INFO     	 test MR: 190.83 | MRR: 0.311 | H@1: 0.222 | H@3: 0.342 | H@10: 0.491
2023-10-24 20:54:00 INFO     	 Saving model at epoch 64 in /data/liuruizhou/KGE_model/KGEmd/logs/10_24/FB237/AttH_20_35_42
2023-10-24 20:54:12 INFO     	 Epoch 65 | average train loss: 0.0133
2023-10-24 20:54:12 INFO     	 Epoch 65 | average valid loss: 0.0144
2023-10-24 20:54:31 INFO     	 Epoch 66 | average train loss: 0.0133
2023-10-24 20:54:31 INFO     	 Epoch 66 | average valid loss: 0.0143
2023-10-24 20:54:47 INFO     	 Epoch 67 | average train loss: 0.0133
2023-10-24 20:54:47 INFO     	 Epoch 67 | average valid loss: 0.0144
2023-10-24 20:55:06 INFO     	 Epoch 68 | average train loss: 0.0132
2023-10-24 20:55:06 INFO     	 Epoch 68 | average valid loss: 0.0144
2023-10-24 20:55:20 INFO     	 Epoch 69 | average train loss: 0.0132
2023-10-24 20:55:20 INFO     	 Epoch 69 | average valid loss: 0.0144
2023-10-24 20:55:26 INFO     	 valid MR: 179.78 | MRR: 0.316 | H@1: 0.227 | H@3: 0.347 | H@10: 0.494
2023-10-24 20:55:26 INFO     	 test MR: 190.12 | MRR: 0.312 | H@1: 0.222 | H@3: 0.343 | H@10: 0.490
2023-10-24 20:55:26 INFO     	 Saving model at epoch 69 in /data/liuruizhou/KGE_model/KGEmd/logs/10_24/FB237/AttH_20_35_42
2023-10-24 20:55:44 INFO     	 Epoch 70 | average train loss: 0.0132
2023-10-24 20:55:44 INFO     	 Epoch 70 | average valid loss: 0.0144
2023-10-24 20:56:01 INFO     	 Epoch 71 | average train loss: 0.0132
2023-10-24 20:56:01 INFO     	 Epoch 71 | average valid loss: 0.0144
2023-10-24 20:56:19 INFO     	 Epoch 72 | average train loss: 0.0132
2023-10-24 20:56:19 INFO     	 Epoch 72 | average valid loss: 0.0143
2023-10-24 20:56:35 INFO     	 Epoch 73 | average train loss: 0.0131
2023-10-24 20:56:35 INFO     	 Epoch 73 | average valid loss: 0.0143
2023-10-24 20:56:52 INFO     	 Epoch 74 | average train loss: 0.0131
2023-10-24 20:56:52 INFO     	 Epoch 74 | average valid loss: 0.0144
2023-10-24 20:56:58 INFO     	 valid MR: 179.49 | MRR: 0.316 | H@1: 0.227 | H@3: 0.348 | H@10: 0.496
2023-10-24 20:56:58 INFO     	 test MR: 189.57 | MRR: 0.312 | H@1: 0.222 | H@3: 0.344 | H@10: 0.493
2023-10-24 20:56:58 INFO     	 Saving model at epoch 74 in /data/liuruizhou/KGE_model/KGEmd/logs/10_24/FB237/AttH_20_35_42
2023-10-24 20:57:19 INFO     	 Epoch 75 | average train loss: 0.0131
2023-10-24 20:57:19 INFO     	 Epoch 75 | average valid loss: 0.0144
2023-10-24 20:57:31 INFO     	 Epoch 76 | average train loss: 0.0131
2023-10-24 20:57:31 INFO     	 Epoch 76 | average valid loss: 0.0143
2023-10-24 20:57:45 INFO     	 Epoch 77 | average train loss: 0.0131
2023-10-24 20:57:45 INFO     	 Epoch 77 | average valid loss: 0.0144
2023-10-24 20:58:02 INFO     	 Epoch 78 | average train loss: 0.0130
2023-10-24 20:58:02 INFO     	 Epoch 78 | average valid loss: 0.0144
2023-10-24 20:58:20 INFO     	 Epoch 79 | average train loss: 0.0130
2023-10-24 20:58:20 INFO     	 Epoch 79 | average valid loss: 0.0144
2023-10-24 20:58:26 INFO     	 valid MR: 178.06 | MRR: 0.317 | H@1: 0.228 | H@3: 0.350 | H@10: 0.495
2023-10-24 20:58:26 INFO     	 test MR: 188.16 | MRR: 0.313 | H@1: 0.224 | H@3: 0.346 | H@10: 0.493
2023-10-24 20:58:26 INFO     	 Saving model at epoch 79 in /data/liuruizhou/KGE_model/KGEmd/logs/10_24/FB237/AttH_20_35_42
2023-10-24 20:58:42 INFO     	 Epoch 80 | average train loss: 0.0130
2023-10-24 20:58:42 INFO     	 Epoch 80 | average valid loss: 0.0144
2023-10-24 20:58:57 INFO     	 Epoch 81 | average train loss: 0.0130
2023-10-24 20:58:57 INFO     	 Epoch 81 | average valid loss: 0.0143
2023-10-24 20:59:16 INFO     	 Epoch 82 | average train loss: 0.0130
2023-10-24 20:59:16 INFO     	 Epoch 82 | average valid loss: 0.0143
2023-10-24 20:59:37 INFO     	 Epoch 83 | average train loss: 0.0130
2023-10-24 20:59:37 INFO     	 Epoch 83 | average valid loss: 0.0144
2023-10-24 20:59:51 INFO     	 Epoch 84 | average train loss: 0.0129
2023-10-24 20:59:51 INFO     	 Epoch 84 | average valid loss: 0.0144
2023-10-24 20:59:58 INFO     	 valid MR: 177.56 | MRR: 0.317 | H@1: 0.228 | H@3: 0.350 | H@10: 0.496
2023-10-24 20:59:58 INFO     	 test MR: 187.61 | MRR: 0.313 | H@1: 0.223 | H@3: 0.345 | H@10: 0.493
2023-10-24 21:00:16 INFO     	 Epoch 85 | average train loss: 0.0129
2023-10-24 21:00:16 INFO     	 Epoch 85 | average valid loss: 0.0143
2023-10-24 21:00:33 INFO     	 Epoch 86 | average train loss: 0.0129
2023-10-24 21:00:33 INFO     	 Epoch 86 | average valid loss: 0.0143
2023-10-24 21:00:48 INFO     	 Epoch 87 | average train loss: 0.0129
2023-10-24 21:00:48 INFO     	 Epoch 87 | average valid loss: 0.0143
2023-10-24 21:01:06 INFO     	 Epoch 88 | average train loss: 0.0129
2023-10-24 21:01:06 INFO     	 Epoch 88 | average valid loss: 0.0144
2023-10-24 21:01:23 INFO     	 Epoch 89 | average train loss: 0.0129
2023-10-24 21:01:23 INFO     	 Epoch 89 | average valid loss: 0.0144
2023-10-24 21:01:30 INFO     	 valid MR: 177.14 | MRR: 0.318 | H@1: 0.228 | H@3: 0.349 | H@10: 0.496
2023-10-24 21:01:30 INFO     	 test MR: 187.03 | MRR: 0.314 | H@1: 0.225 | H@3: 0.344 | H@10: 0.493
2023-10-24 21:01:30 INFO     	 Saving model at epoch 89 in /data/liuruizhou/KGE_model/KGEmd/logs/10_24/FB237/AttH_20_35_42
2023-10-24 21:01:49 INFO     	 Epoch 90 | average train loss: 0.0128
2023-10-24 21:01:49 INFO     	 Epoch 90 | average valid loss: 0.0143
2023-10-24 21:02:06 INFO     	 Epoch 91 | average train loss: 0.0128
2023-10-24 21:02:06 INFO     	 Epoch 91 | average valid loss: 0.0144
2023-10-24 21:02:21 INFO     	 Epoch 92 | average train loss: 0.0128
2023-10-24 21:02:21 INFO     	 Epoch 92 | average valid loss: 0.0143
2023-10-24 21:02:37 INFO     	 Epoch 93 | average train loss: 0.0128
2023-10-24 21:02:37 INFO     	 Epoch 93 | average valid loss: 0.0144
2023-10-24 21:02:52 INFO     	 Epoch 94 | average train loss: 0.0128
2023-10-24 21:02:52 INFO     	 Epoch 94 | average valid loss: 0.0144
2023-10-24 21:02:59 INFO     	 valid MR: 176.68 | MRR: 0.318 | H@1: 0.228 | H@3: 0.351 | H@10: 0.498
2023-10-24 21:02:59 INFO     	 test MR: 186.55 | MRR: 0.314 | H@1: 0.225 | H@3: 0.344 | H@10: 0.495
2023-10-24 21:02:59 INFO     	 Saving model at epoch 94 in /data/liuruizhou/KGE_model/KGEmd/logs/10_24/FB237/AttH_20_35_42
2023-10-24 21:03:20 INFO     	 Epoch 95 | average train loss: 0.0128
2023-10-24 21:03:20 INFO     	 Epoch 95 | average valid loss: 0.0144
2023-10-24 21:03:36 INFO     	 Epoch 96 | average train loss: 0.0127
2023-10-24 21:03:36 INFO     	 Epoch 96 | average valid loss: 0.0144
2023-10-24 21:03:53 INFO     	 Epoch 97 | average train loss: 0.0127
2023-10-24 21:03:53 INFO     	 Epoch 97 | average valid loss: 0.0144
2023-10-24 21:04:12 INFO     	 Epoch 98 | average train loss: 0.0127
2023-10-24 21:04:12 INFO     	 Epoch 98 | average valid loss: 0.0143
2023-10-24 21:04:33 INFO     	 Epoch 99 | average train loss: 0.0127
2023-10-24 21:04:33 INFO     	 Epoch 99 | average valid loss: 0.0143
2023-10-24 21:04:41 INFO     	 valid MR: 176.50 | MRR: 0.318 | H@1: 0.228 | H@3: 0.350 | H@10: 0.499
2023-10-24 21:04:41 INFO     	 test MR: 186.46 | MRR: 0.315 | H@1: 0.226 | H@3: 0.345 | H@10: 0.496
2023-10-24 21:04:41 INFO     	 Saving model at epoch 99 in /data/liuruizhou/KGE_model/KGEmd/logs/10_24/FB237/AttH_20_35_42
2023-10-24 21:04:58 INFO     	 Epoch 100 | average train loss: 0.0127
2023-10-24 21:04:58 INFO     	 Epoch 100 | average valid loss: 0.0145
2023-10-24 21:05:17 INFO     	 Epoch 101 | average train loss: 0.0127
2023-10-24 21:05:17 INFO     	 Epoch 101 | average valid loss: 0.0143
2023-10-24 21:05:37 INFO     	 Epoch 102 | average train loss: 0.0127
2023-10-24 21:05:38 INFO     	 Epoch 102 | average valid loss: 0.0143
2023-10-24 21:05:56 INFO     	 Epoch 103 | average train loss: 0.0126
2023-10-24 21:05:56 INFO     	 Epoch 103 | average valid loss: 0.0144
2023-10-24 21:06:14 INFO     	 Epoch 104 | average train loss: 0.0126
2023-10-24 21:06:14 INFO     	 Epoch 104 | average valid loss: 0.0144
2023-10-24 21:06:22 INFO     	 valid MR: 175.73 | MRR: 0.318 | H@1: 0.228 | H@3: 0.351 | H@10: 0.499
2023-10-24 21:06:22 INFO     	 test MR: 185.43 | MRR: 0.315 | H@1: 0.226 | H@3: 0.346 | H@10: 0.495
2023-10-24 21:06:22 INFO     	 Saving model at epoch 104 in /data/liuruizhou/KGE_model/KGEmd/logs/10_24/FB237/AttH_20_35_42
2023-10-24 21:06:36 INFO     	 Epoch 105 | average train loss: 0.0126
2023-10-24 21:06:36 INFO     	 Epoch 105 | average valid loss: 0.0145
2023-10-24 21:06:55 INFO     	 Epoch 106 | average train loss: 0.0126
2023-10-24 21:06:56 INFO     	 Epoch 106 | average valid loss: 0.0145
2023-10-24 21:07:12 INFO     	 Epoch 107 | average train loss: 0.0126
2023-10-24 21:07:13 INFO     	 Epoch 107 | average valid loss: 0.0144
2023-10-24 21:07:29 INFO     	 Epoch 108 | average train loss: 0.0126
2023-10-24 21:07:29 INFO     	 Epoch 108 | average valid loss: 0.0144
2023-10-24 21:07:47 INFO     	 Epoch 109 | average train loss: 0.0125
2023-10-24 21:07:47 INFO     	 Epoch 109 | average valid loss: 0.0144
2023-10-24 21:07:55 INFO     	 valid MR: 175.68 | MRR: 0.319 | H@1: 0.228 | H@3: 0.352 | H@10: 0.500
2023-10-24 21:07:55 INFO     	 test MR: 185.34 | MRR: 0.315 | H@1: 0.225 | H@3: 0.345 | H@10: 0.496
2023-10-24 21:08:12 INFO     	 Epoch 110 | average train loss: 0.0125
2023-10-24 21:08:13 INFO     	 Epoch 110 | average valid loss: 0.0144
2023-10-24 21:08:25 INFO     	 Epoch 111 | average train loss: 0.0125
2023-10-24 21:08:25 INFO     	 Epoch 111 | average valid loss: 0.0144
2023-10-24 21:08:42 INFO     	 Epoch 112 | average train loss: 0.0125
2023-10-24 21:08:42 INFO     	 Epoch 112 | average valid loss: 0.0144
2023-10-24 21:08:59 INFO     	 Epoch 113 | average train loss: 0.0125
2023-10-24 21:09:00 INFO     	 Epoch 113 | average valid loss: 0.0144
2023-10-24 21:09:18 INFO     	 Epoch 114 | average train loss: 0.0125
2023-10-24 21:09:18 INFO     	 Epoch 114 | average valid loss: 0.0143
2023-10-24 21:09:27 INFO     	 valid MR: 174.56 | MRR: 0.319 | H@1: 0.230 | H@3: 0.351 | H@10: 0.500
2023-10-24 21:09:27 INFO     	 test MR: 184.57 | MRR: 0.315 | H@1: 0.226 | H@3: 0.346 | H@10: 0.495
2023-10-24 21:09:27 INFO     	 Saving model at epoch 114 in /data/liuruizhou/KGE_model/KGEmd/logs/10_24/FB237/AttH_20_35_42
2023-10-24 21:09:46 INFO     	 Epoch 115 | average train loss: 0.0125
2023-10-24 21:09:47 INFO     	 Epoch 115 | average valid loss: 0.0144
2023-10-24 21:10:05 INFO     	 Epoch 116 | average train loss: 0.0125
2023-10-24 21:10:06 INFO     	 Epoch 116 | average valid loss: 0.0145
2023-10-24 21:14:01 INFO     	 Epoch 117 | average train loss: 0.0125
2023-10-24 21:14:01 INFO     	 Epoch 117 | average valid loss: 0.0144
2023-10-24 21:14:16 INFO     	 Epoch 118 | average train loss: 0.0124
2023-10-24 21:14:16 INFO     	 Epoch 118 | average valid loss: 0.0143
2023-10-24 21:14:34 INFO     	 Epoch 119 | average train loss: 0.0124
2023-10-24 21:14:34 INFO     	 Epoch 119 | average valid loss: 0.0145
2023-10-24 21:14:43 INFO     	 valid MR: 174.77 | MRR: 0.320 | H@1: 0.230 | H@3: 0.353 | H@10: 0.501
2023-10-24 21:14:43 INFO     	 test MR: 184.43 | MRR: 0.316 | H@1: 0.226 | H@3: 0.347 | H@10: 0.497
2023-10-24 21:14:43 INFO     	 Saving model at epoch 119 in /data/liuruizhou/KGE_model/KGEmd/logs/10_24/FB237/AttH_20_35_42
2023-10-24 21:15:01 INFO     	 Epoch 120 | average train loss: 0.0124
2023-10-24 21:15:01 INFO     	 Epoch 120 | average valid loss: 0.0144
2023-10-24 21:15:19 INFO     	 Epoch 121 | average train loss: 0.0124
2023-10-24 21:15:20 INFO     	 Epoch 121 | average valid loss: 0.0143
2023-10-24 21:15:37 INFO     	 Epoch 122 | average train loss: 0.0124
2023-10-24 21:15:37 INFO     	 Epoch 122 | average valid loss: 0.0145
2023-10-24 21:15:57 INFO     	 Epoch 123 | average train loss: 0.0124
2023-10-24 21:15:57 INFO     	 Epoch 123 | average valid loss: 0.0144
2023-10-24 21:16:11 INFO     	 Epoch 124 | average train loss: 0.0124
2023-10-24 21:16:11 INFO     	 Epoch 124 | average valid loss: 0.0144
2023-10-24 21:16:20 INFO     	 valid MR: 174.41 | MRR: 0.319 | H@1: 0.229 | H@3: 0.353 | H@10: 0.499
2023-10-24 21:16:20 INFO     	 test MR: 184.40 | MRR: 0.316 | H@1: 0.226 | H@3: 0.347 | H@10: 0.496
2023-10-24 21:16:20 INFO     	 Saving model at epoch 124 in /data/liuruizhou/KGE_model/KGEmd/logs/10_24/FB237/AttH_20_35_42
2023-10-24 21:16:35 INFO     	 Epoch 125 | average train loss: 0.0124
2023-10-24 21:16:35 INFO     	 Epoch 125 | average valid loss: 0.0144
2023-10-24 21:16:52 INFO     	 Epoch 126 | average train loss: 0.0124
2023-10-24 21:16:52 INFO     	 Epoch 126 | average valid loss: 0.0145
2023-10-24 21:17:10 INFO     	 Epoch 127 | average train loss: 0.0124
2023-10-24 21:17:10 INFO     	 Epoch 127 | average valid loss: 0.0144
2023-10-24 21:17:27 INFO     	 Epoch 128 | average train loss: 0.0123
2023-10-24 21:17:27 INFO     	 Epoch 128 | average valid loss: 0.0145
2023-10-24 21:17:47 INFO     	 Epoch 129 | average train loss: 0.0123
2023-10-24 21:17:47 INFO     	 Epoch 129 | average valid loss: 0.0144
2023-10-24 21:17:56 INFO     	 valid MR: 174.42 | MRR: 0.319 | H@1: 0.228 | H@3: 0.353 | H@10: 0.500
2023-10-24 21:17:56 INFO     	 test MR: 184.23 | MRR: 0.316 | H@1: 0.226 | H@3: 0.346 | H@10: 0.497
2023-10-24 21:18:15 INFO     	 Epoch 130 | average train loss: 0.0123
2023-10-24 21:18:15 INFO     	 Epoch 130 | average valid loss: 0.0144
2023-10-24 21:18:34 INFO     	 Epoch 131 | average train loss: 0.0123
2023-10-24 21:18:34 INFO     	 Epoch 131 | average valid loss: 0.0145
2023-10-24 21:18:50 INFO     	 Epoch 132 | average train loss: 0.0123
2023-10-24 21:18:50 INFO     	 Epoch 132 | average valid loss: 0.0145
2023-10-24 21:19:09 INFO     	 Epoch 133 | average train loss: 0.0123
2023-10-24 21:19:09 INFO     	 Epoch 133 | average valid loss: 0.0145
2023-10-24 21:19:24 INFO     	 Epoch 134 | average train loss: 0.0123
2023-10-24 21:19:24 INFO     	 Epoch 134 | average valid loss: 0.0145
2023-10-24 21:19:34 INFO     	 valid MR: 173.87 | MRR: 0.320 | H@1: 0.229 | H@3: 0.353 | H@10: 0.500
2023-10-24 21:19:34 INFO     	 test MR: 183.49 | MRR: 0.317 | H@1: 0.228 | H@3: 0.347 | H@10: 0.498
2023-10-24 21:19:34 INFO     	 Saving model at epoch 134 in /data/liuruizhou/KGE_model/KGEmd/logs/10_24/FB237/AttH_20_35_42
2023-10-24 21:19:52 INFO     	 Epoch 135 | average train loss: 0.0123
2023-10-24 21:19:53 INFO     	 Epoch 135 | average valid loss: 0.0145
2023-10-24 21:20:11 INFO     	 Epoch 136 | average train loss: 0.0122
2023-10-24 21:20:12 INFO     	 Epoch 136 | average valid loss: 0.0144
2023-10-24 21:20:24 INFO     	 Epoch 137 | average train loss: 0.0122
2023-10-24 21:20:25 INFO     	 Epoch 137 | average valid loss: 0.0144
2023-10-24 21:20:37 INFO     	 Epoch 138 | average train loss: 0.0122
2023-10-24 21:20:37 INFO     	 Epoch 138 | average valid loss: 0.0145
2023-10-24 21:20:53 INFO     	 Epoch 139 | average train loss: 0.0122
2023-10-24 21:20:53 INFO     	 Epoch 139 | average valid loss: 0.0144
2023-10-24 21:21:03 INFO     	 valid MR: 173.89 | MRR: 0.319 | H@1: 0.229 | H@3: 0.354 | H@10: 0.498
2023-10-24 21:21:03 INFO     	 test MR: 183.90 | MRR: 0.316 | H@1: 0.226 | H@3: 0.346 | H@10: 0.497
2023-10-24 21:21:17 INFO     	 Epoch 140 | average train loss: 0.0122
2023-10-24 21:21:17 INFO     	 Epoch 140 | average valid loss: 0.0144
2023-10-24 21:21:33 INFO     	 Epoch 141 | average train loss: 0.0122
2023-10-24 21:21:33 INFO     	 Epoch 141 | average valid loss: 0.0145
2023-10-24 21:21:50 INFO     	 Epoch 142 | average train loss: 0.0122
2023-10-24 21:21:50 INFO     	 Epoch 142 | average valid loss: 0.0145
2023-10-24 21:22:08 INFO     	 Epoch 143 | average train loss: 0.0122
2023-10-24 21:22:09 INFO     	 Epoch 143 | average valid loss: 0.0144
2023-10-24 21:22:25 INFO     	 Epoch 144 | average train loss: 0.0122
2023-10-24 21:22:25 INFO     	 Epoch 144 | average valid loss: 0.0145
2023-10-24 21:22:35 INFO     	 valid MR: 173.89 | MRR: 0.320 | H@1: 0.229 | H@3: 0.353 | H@10: 0.501
2023-10-24 21:22:35 INFO     	 test MR: 183.56 | MRR: 0.317 | H@1: 0.227 | H@3: 0.347 | H@10: 0.498
2023-10-24 21:22:53 INFO     	 Epoch 145 | average train loss: 0.0122
2023-10-24 21:22:53 INFO     	 Epoch 145 | average valid loss: 0.0145
2023-10-24 21:23:10 INFO     	 Epoch 146 | average train loss: 0.0121
2023-10-24 21:23:10 INFO     	 Epoch 146 | average valid loss: 0.0145
2023-10-24 21:23:28 INFO     	 Epoch 147 | average train loss: 0.0122
2023-10-24 21:23:28 INFO     	 Epoch 147 | average valid loss: 0.0145
2023-10-24 21:23:45 INFO     	 Epoch 148 | average train loss: 0.0121
2023-10-24 21:23:45 INFO     	 Epoch 148 | average valid loss: 0.0144
2023-10-24 21:24:01 INFO     	 Epoch 149 | average train loss: 0.0121
2023-10-24 21:24:02 INFO     	 Epoch 149 | average valid loss: 0.0145
2023-10-24 21:24:11 INFO     	 valid MR: 173.80 | MRR: 0.320 | H@1: 0.229 | H@3: 0.354 | H@10: 0.499
2023-10-24 21:24:11 INFO     	 test MR: 183.34 | MRR: 0.317 | H@1: 0.227 | H@3: 0.346 | H@10: 0.497
2023-10-24 21:24:30 INFO     	 Epoch 150 | average train loss: 0.0121
2023-10-24 21:24:30 INFO     	 Epoch 150 | average valid loss: 0.0145
2023-10-24 21:24:49 INFO     	 Epoch 151 | average train loss: 0.0121
2023-10-24 21:24:49 INFO     	 Epoch 151 | average valid loss: 0.0145
2023-10-24 21:25:02 INFO     	 Epoch 152 | average train loss: 0.0121
2023-10-24 21:25:02 INFO     	 Epoch 152 | average valid loss: 0.0144
2023-10-24 21:25:20 INFO     	 Epoch 153 | average train loss: 0.0121
2023-10-24 21:25:21 INFO     	 Epoch 153 | average valid loss: 0.0144
2023-10-24 21:25:36 INFO     	 Epoch 154 | average train loss: 0.0121
2023-10-24 21:25:36 INFO     	 Epoch 154 | average valid loss: 0.0144
2023-10-24 21:25:46 INFO     	 valid MR: 173.64 | MRR: 0.320 | H@1: 0.229 | H@3: 0.354 | H@10: 0.500
2023-10-24 21:25:46 INFO     	 test MR: 183.35 | MRR: 0.317 | H@1: 0.227 | H@3: 0.347 | H@10: 0.498
2023-10-24 21:26:02 INFO     	 Epoch 155 | average train loss: 0.0121
2023-10-24 21:26:02 INFO     	 Epoch 155 | average valid loss: 0.0146
2023-10-24 21:26:21 INFO     	 Epoch 156 | average train loss: 0.0121
2023-10-24 21:26:21 INFO     	 Epoch 156 | average valid loss: 0.0145
2023-10-24 21:26:36 INFO     	 Epoch 157 | average train loss: 0.0121
2023-10-24 21:26:36 INFO     	 Epoch 157 | average valid loss: 0.0145
2023-10-24 21:26:51 INFO     	 Epoch 158 | average train loss: 0.0121
2023-10-24 21:26:51 INFO     	 Epoch 158 | average valid loss: 0.0145
2023-10-24 21:27:09 INFO     	 Epoch 159 | average train loss: 0.0120
2023-10-24 21:27:09 INFO     	 Epoch 159 | average valid loss: 0.0145
2023-10-24 21:27:18 INFO     	 valid MR: 173.59 | MRR: 0.320 | H@1: 0.229 | H@3: 0.354 | H@10: 0.500
2023-10-24 21:27:18 INFO     	 test MR: 183.34 | MRR: 0.317 | H@1: 0.227 | H@3: 0.346 | H@10: 0.497
2023-10-24 21:27:34 INFO     	 Epoch 160 | average train loss: 0.0120
2023-10-24 21:27:34 INFO     	 Epoch 160 | average valid loss: 0.0146
2023-10-24 21:27:47 INFO     	 Epoch 161 | average train loss: 0.0120
2023-10-24 21:27:47 INFO     	 Epoch 161 | average valid loss: 0.0146
2023-10-24 21:28:04 INFO     	 Epoch 162 | average train loss: 0.0120
2023-10-24 21:28:04 INFO     	 Epoch 162 | average valid loss: 0.0145
2023-10-24 21:28:22 INFO     	 Epoch 163 | average train loss: 0.0120
2023-10-24 21:28:22 INFO     	 Epoch 163 | average valid loss: 0.0146
2023-10-24 21:28:39 INFO     	 Epoch 164 | average train loss: 0.0120
2023-10-24 21:28:40 INFO     	 Epoch 164 | average valid loss: 0.0145
2023-10-24 21:28:49 INFO     	 valid MR: 173.57 | MRR: 0.320 | H@1: 0.230 | H@3: 0.354 | H@10: 0.501
2023-10-24 21:28:49 INFO     	 test MR: 183.25 | MRR: 0.316 | H@1: 0.226 | H@3: 0.346 | H@10: 0.498
2023-10-24 21:29:05 INFO     	 Epoch 165 | average train loss: 0.0120
2023-10-24 21:29:06 INFO     	 Epoch 165 | average valid loss: 0.0146
2023-10-24 21:29:21 INFO     	 Epoch 166 | average train loss: 0.0120
2023-10-24 21:29:21 INFO     	 Epoch 166 | average valid loss: 0.0146
2023-10-24 21:29:38 INFO     	 Epoch 167 | average train loss: 0.0120
2023-10-24 21:29:38 INFO     	 Epoch 167 | average valid loss: 0.0145
2023-10-24 21:29:57 INFO     	 Epoch 168 | average train loss: 0.0120
2023-10-24 21:29:58 INFO     	 Epoch 168 | average valid loss: 0.0146
2023-10-24 21:30:12 INFO     	 Epoch 169 | average train loss: 0.0120
2023-10-24 21:30:12 INFO     	 Epoch 169 | average valid loss: 0.0145
2023-10-24 21:30:21 INFO     	 valid MR: 173.18 | MRR: 0.320 | H@1: 0.229 | H@3: 0.354 | H@10: 0.500
2023-10-24 21:30:21 INFO     	 test MR: 183.08 | MRR: 0.316 | H@1: 0.225 | H@3: 0.346 | H@10: 0.498
2023-10-24 21:30:35 INFO     	 Epoch 170 | average train loss: 0.0120
2023-10-24 21:30:35 INFO     	 Epoch 170 | average valid loss: 0.0146
2023-10-24 21:30:49 INFO     	 Epoch 171 | average train loss: 0.0119
2023-10-24 21:30:49 INFO     	 Epoch 171 | average valid loss: 0.0146
2023-10-24 21:31:01 INFO     	 Epoch 172 | average train loss: 0.0119
2023-10-24 21:31:01 INFO     	 Epoch 172 | average valid loss: 0.0145
2023-10-24 21:31:13 INFO     	 Epoch 173 | average train loss: 0.0119
2023-10-24 21:31:13 INFO     	 Epoch 173 | average valid loss: 0.0145
2023-10-24 21:31:25 INFO     	 Epoch 174 | average train loss: 0.0119
2023-10-24 21:31:25 INFO     	 Epoch 174 | average valid loss: 0.0145
2023-10-24 21:31:35 INFO     	 valid MR: 173.08 | MRR: 0.320 | H@1: 0.230 | H@3: 0.354 | H@10: 0.501
2023-10-24 21:31:35 INFO     	 test MR: 182.99 | MRR: 0.317 | H@1: 0.226 | H@3: 0.346 | H@10: 0.498
2023-10-24 21:31:46 INFO     	 Epoch 175 | average train loss: 0.0119
2023-10-24 21:31:47 INFO     	 Epoch 175 | average valid loss: 0.0146
2023-10-24 21:31:58 INFO     	 Epoch 176 | average train loss: 0.0119
2023-10-24 21:31:58 INFO     	 Epoch 176 | average valid loss: 0.0145
2023-10-24 21:32:10 INFO     	 Epoch 177 | average train loss: 0.0119
2023-10-24 21:32:10 INFO     	 Epoch 177 | average valid loss: 0.0146
2023-10-24 21:32:30 INFO     	 Epoch 178 | average train loss: 0.0119
2023-10-24 21:32:30 INFO     	 Epoch 178 | average valid loss: 0.0146
2023-10-24 21:32:49 INFO     	 Epoch 179 | average train loss: 0.0119
2023-10-24 21:32:49 INFO     	 Epoch 179 | average valid loss: 0.0145
2023-10-24 21:32:59 INFO     	 valid MR: 173.11 | MRR: 0.320 | H@1: 0.229 | H@3: 0.354 | H@10: 0.500
2023-10-24 21:32:59 INFO     	 test MR: 182.77 | MRR: 0.316 | H@1: 0.226 | H@3: 0.346 | H@10: 0.499
2023-10-24 21:33:18 INFO     	 Epoch 180 | average train loss: 0.0119
2023-10-24 21:33:19 INFO     	 Epoch 180 | average valid loss: 0.0145
2023-10-24 21:33:38 INFO     	 Epoch 181 | average train loss: 0.0119
2023-10-24 21:33:38 INFO     	 Epoch 181 | average valid loss: 0.0146
2023-10-24 21:33:49 INFO     	 Epoch 182 | average train loss: 0.0119
2023-10-24 21:33:50 INFO     	 Epoch 182 | average valid loss: 0.0146
2023-10-24 21:34:03 INFO     	 Epoch 183 | average train loss: 0.0119
2023-10-24 21:34:04 INFO     	 Epoch 183 | average valid loss: 0.0146
2023-10-24 21:34:20 INFO     	 Epoch 184 | average train loss: 0.0119
2023-10-24 21:34:20 INFO     	 Epoch 184 | average valid loss: 0.0147
2023-10-24 21:34:31 INFO     	 valid MR: 173.65 | MRR: 0.320 | H@1: 0.230 | H@3: 0.355 | H@10: 0.501
2023-10-24 21:34:31 INFO     	 test MR: 183.11 | MRR: 0.316 | H@1: 0.226 | H@3: 0.347 | H@10: 0.499
2023-10-24 21:34:31 INFO     	 Early stopping
2023-10-24 21:34:31 INFO     	 Optimization finished
2023-10-24 21:34:31 INFO     	 Loading best model saved at epoch 134
2023-10-24 21:34:35 INFO     	 valid MR: 173.87 | MRR: 0.320 | H@1: 0.229 | H@3: 0.353 | H@10: 0.500
2023-10-24 21:34:41 INFO     	 test MR: 183.49 | MRR: 0.317 | H@1: 0.228 | H@3: 0.347 | H@10: 0.498
