2023-10-24 20:37:12 INFO     Saving logs in: /data/liuruizhou/KGE_model/KGEmd/logs/10_24/FB237/RotH_20_37_12
2023-10-24 20:37:13 INFO     	 (14541, 474, 14541)
2023-10-24 20:37:13 INFO     Total number of parameters 540372
2023-10-24 20:37:13 INFO     	 Start training
2023-10-24 20:37:26 INFO     	 Epoch 0 | average train loss: 0.0649
2023-10-24 20:37:26 INFO     	 Epoch 0 | average valid loss: 0.0402
2023-10-24 20:37:39 INFO     	 Epoch 1 | average train loss: 0.0396
2023-10-24 20:37:39 INFO     	 Epoch 1 | average valid loss: 0.0324
2023-10-24 20:37:50 INFO     	 Epoch 2 | average train loss: 0.0344
2023-10-24 20:37:51 INFO     	 Epoch 2 | average valid loss: 0.0297
2023-10-24 20:38:02 INFO     	 Epoch 3 | average train loss: 0.0319
2023-10-24 20:38:02 INFO     	 Epoch 3 | average valid loss: 0.0281
2023-10-24 20:38:13 INFO     	 Epoch 4 | average train loss: 0.0303
2023-10-24 20:38:13 INFO     	 Epoch 4 | average valid loss: 0.0272
2023-10-24 20:38:19 INFO     	 valid MR: 249.65 | MRR: 0.261 | H@1: 0.180 | H@3: 0.286 | H@10: 0.422
2023-10-24 20:38:19 INFO     	 test MR: 258.66 | MRR: 0.259 | H@1: 0.178 | H@3: 0.284 | H@10: 0.422
2023-10-24 20:38:19 INFO     	 Saving model at epoch 4 in /data/liuruizhou/KGE_model/KGEmd/logs/10_24/FB237/RotH_20_37_12
2023-10-24 20:38:33 INFO     	 Epoch 5 | average train loss: 0.0292
2023-10-24 20:38:33 INFO     	 Epoch 5 | average valid loss: 0.0266
2023-10-24 20:38:45 INFO     	 Epoch 6 | average train loss: 0.0283
2023-10-24 20:38:45 INFO     	 Epoch 6 | average valid loss: 0.0260
2023-10-24 20:39:01 INFO     	 Epoch 7 | average train loss: 0.0277
2023-10-24 20:39:01 INFO     	 Epoch 7 | average valid loss: 0.0256
2023-10-24 20:39:17 INFO     	 Epoch 8 | average train loss: 0.0271
2023-10-24 20:39:17 INFO     	 Epoch 8 | average valid loss: 0.0252
2023-10-24 20:39:31 INFO     	 Epoch 9 | average train loss: 0.0266
2023-10-24 20:39:31 INFO     	 Epoch 9 | average valid loss: 0.0250
2023-10-24 20:40:06 INFO     	 valid MR: 213.18 | MRR: 0.276 | H@1: 0.190 | H@3: 0.305 | H@10: 0.446
2023-10-24 20:40:06 INFO     	 test MR: 222.26 | MRR: 0.274 | H@1: 0.188 | H@3: 0.303 | H@10: 0.444
2023-10-24 20:40:06 INFO     	 Saving model at epoch 9 in /data/liuruizhou/KGE_model/KGEmd/logs/10_24/FB237/RotH_20_37_12
2023-10-24 20:40:18 INFO     	 Epoch 10 | average train loss: 0.0262
2023-10-24 20:40:19 INFO     	 Epoch 10 | average valid loss: 0.0246
2023-10-24 20:40:32 INFO     	 Epoch 11 | average train loss: 0.0258
2023-10-24 20:40:32 INFO     	 Epoch 11 | average valid loss: 0.0245
2023-10-24 20:40:50 INFO     	 Epoch 12 | average train loss: 0.0255
2023-10-24 20:40:51 INFO     	 Epoch 12 | average valid loss: 0.0244
2023-10-24 20:41:04 INFO     	 Epoch 13 | average train loss: 0.0252
2023-10-24 20:41:04 INFO     	 Epoch 13 | average valid loss: 0.0241
2023-10-24 20:41:15 INFO     	 Epoch 14 | average train loss: 0.0249
2023-10-24 20:41:15 INFO     	 Epoch 14 | average valid loss: 0.0240
2023-10-24 20:41:47 INFO     	 valid MR: 197.12 | MRR: 0.284 | H@1: 0.197 | H@3: 0.315 | H@10: 0.458
2023-10-24 20:41:47 INFO     	 test MR: 205.83 | MRR: 0.283 | H@1: 0.195 | H@3: 0.313 | H@10: 0.458
2023-10-24 20:41:47 INFO     	 Saving model at epoch 14 in /data/liuruizhou/KGE_model/KGEmd/logs/10_24/FB237/RotH_20_37_12
2023-10-24 20:41:58 INFO     	 Epoch 15 | average train loss: 0.0246
2023-10-24 20:41:58 INFO     	 Epoch 15 | average valid loss: 0.0238
2023-10-24 20:42:12 INFO     	 Epoch 16 | average train loss: 0.0244
2023-10-24 20:42:12 INFO     	 Epoch 16 | average valid loss: 0.0240
2023-10-24 20:42:27 INFO     	 Epoch 17 | average train loss: 0.0242
2023-10-24 20:42:27 INFO     	 Epoch 17 | average valid loss: 0.0239
2023-10-24 20:42:40 INFO     	 Epoch 18 | average train loss: 0.0240
2023-10-24 20:42:40 INFO     	 Epoch 18 | average valid loss: 0.0236
2023-10-24 20:42:55 INFO     	 Epoch 19 | average train loss: 0.0238
2023-10-24 20:42:55 INFO     	 Epoch 19 | average valid loss: 0.0235
2023-10-24 20:43:01 INFO     	 valid MR: 187.97 | MRR: 0.290 | H@1: 0.201 | H@3: 0.322 | H@10: 0.466
2023-10-24 20:43:01 INFO     	 test MR: 195.79 | MRR: 0.287 | H@1: 0.198 | H@3: 0.318 | H@10: 0.465
2023-10-24 20:43:01 INFO     	 Saving model at epoch 19 in /data/liuruizhou/KGE_model/KGEmd/logs/10_24/FB237/RotH_20_37_12
2023-10-24 20:43:13 INFO     	 Epoch 20 | average train loss: 0.0236
2023-10-24 20:43:13 INFO     	 Epoch 20 | average valid loss: 0.0235
2023-10-24 20:43:29 INFO     	 Epoch 21 | average train loss: 0.0235
2023-10-24 20:43:29 INFO     	 Epoch 21 | average valid loss: 0.0235
2023-10-24 20:43:43 INFO     	 Epoch 22 | average train loss: 0.0233
2023-10-24 20:43:43 INFO     	 Epoch 22 | average valid loss: 0.0233
2023-10-24 20:43:56 INFO     	 Epoch 23 | average train loss: 0.0232
2023-10-24 20:43:56 INFO     	 Epoch 23 | average valid loss: 0.0234
2023-10-24 20:44:06 INFO     	 Epoch 24 | average train loss: 0.0230
2023-10-24 20:44:06 INFO     	 Epoch 24 | average valid loss: 0.0234
2023-10-24 20:44:13 INFO     	 valid MR: 183.71 | MRR: 0.294 | H@1: 0.206 | H@3: 0.325 | H@10: 0.470
2023-10-24 20:44:13 INFO     	 test MR: 191.35 | MRR: 0.292 | H@1: 0.203 | H@3: 0.322 | H@10: 0.470
2023-10-24 20:44:13 INFO     	 Saving model at epoch 24 in /data/liuruizhou/KGE_model/KGEmd/logs/10_24/FB237/RotH_20_37_12
2023-10-24 20:44:23 INFO     	 Epoch 25 | average train loss: 0.0229
2023-10-24 20:44:23 INFO     	 Epoch 25 | average valid loss: 0.0233
2023-10-24 20:44:35 INFO     	 Epoch 26 | average train loss: 0.0227
2023-10-24 20:44:35 INFO     	 Epoch 26 | average valid loss: 0.0232
2023-10-24 20:44:48 INFO     	 Epoch 27 | average train loss: 0.0227
2023-10-24 20:44:49 INFO     	 Epoch 27 | average valid loss: 0.0232
2023-10-24 20:45:01 INFO     	 Epoch 28 | average train loss: 0.0225
2023-10-24 20:45:01 INFO     	 Epoch 28 | average valid loss: 0.0231
2023-10-24 20:45:13 INFO     	 Epoch 29 | average train loss: 0.0224
2023-10-24 20:45:14 INFO     	 Epoch 29 | average valid loss: 0.0231
2023-10-24 20:45:20 INFO     	 valid MR: 179.28 | MRR: 0.298 | H@1: 0.208 | H@3: 0.329 | H@10: 0.474
2023-10-24 20:45:20 INFO     	 test MR: 186.61 | MRR: 0.295 | H@1: 0.205 | H@3: 0.326 | H@10: 0.473
2023-10-24 20:45:20 INFO     	 Saving model at epoch 29 in /data/liuruizhou/KGE_model/KGEmd/logs/10_24/FB237/RotH_20_37_12
2023-10-24 20:45:31 INFO     	 Epoch 30 | average train loss: 0.0223
2023-10-24 20:45:31 INFO     	 Epoch 30 | average valid loss: 0.0231
2023-10-24 20:45:41 INFO     	 Epoch 31 | average train loss: 0.0222
2023-10-24 20:45:41 INFO     	 Epoch 31 | average valid loss: 0.0232
2023-10-24 20:45:54 INFO     	 Epoch 32 | average train loss: 0.0221
2023-10-24 20:45:54 INFO     	 Epoch 32 | average valid loss: 0.0229
2023-10-24 20:46:07 INFO     	 Epoch 33 | average train loss: 0.0220
2023-10-24 20:46:07 INFO     	 Epoch 33 | average valid loss: 0.0232
2023-10-24 20:46:17 INFO     	 Epoch 34 | average train loss: 0.0219
2023-10-24 20:46:18 INFO     	 Epoch 34 | average valid loss: 0.0230
2023-10-24 20:46:24 INFO     	 valid MR: 176.38 | MRR: 0.303 | H@1: 0.215 | H@3: 0.334 | H@10: 0.480
2023-10-24 20:46:24 INFO     	 test MR: 183.74 | MRR: 0.301 | H@1: 0.213 | H@3: 0.331 | H@10: 0.479
2023-10-24 20:46:24 INFO     	 Saving model at epoch 34 in /data/liuruizhou/KGE_model/KGEmd/logs/10_24/FB237/RotH_20_37_12
2023-10-24 20:46:35 INFO     	 Epoch 35 | average train loss: 0.0218
2023-10-24 20:46:35 INFO     	 Epoch 35 | average valid loss: 0.0230
2023-10-24 20:46:49 INFO     	 Epoch 36 | average train loss: 0.0217
2023-10-24 20:46:49 INFO     	 Epoch 36 | average valid loss: 0.0228
2023-10-24 20:46:58 INFO     	 Epoch 37 | average train loss: 0.0217
2023-10-24 20:46:58 INFO     	 Epoch 37 | average valid loss: 0.0229
2023-10-24 20:47:09 INFO     	 Epoch 38 | average train loss: 0.0216
2023-10-24 20:47:09 INFO     	 Epoch 38 | average valid loss: 0.0228
2023-10-24 20:47:19 INFO     	 Epoch 39 | average train loss: 0.0215
2023-10-24 20:47:19 INFO     	 Epoch 39 | average valid loss: 0.0229
2023-10-24 20:47:26 INFO     	 valid MR: 174.48 | MRR: 0.306 | H@1: 0.217 | H@3: 0.338 | H@10: 0.482
2023-10-24 20:47:26 INFO     	 test MR: 181.81 | MRR: 0.304 | H@1: 0.215 | H@3: 0.334 | H@10: 0.482
2023-10-24 20:47:26 INFO     	 Saving model at epoch 39 in /data/liuruizhou/KGE_model/KGEmd/logs/10_24/FB237/RotH_20_37_12
2023-10-24 20:47:37 INFO     	 Epoch 40 | average train loss: 0.0214
2023-10-24 20:47:38 INFO     	 Epoch 40 | average valid loss: 0.0228
2023-10-24 20:47:48 INFO     	 Epoch 41 | average train loss: 0.0213
2023-10-24 20:47:49 INFO     	 Epoch 41 | average valid loss: 0.0229
2023-10-24 20:48:00 INFO     	 Epoch 42 | average train loss: 0.0213
2023-10-24 20:48:00 INFO     	 Epoch 42 | average valid loss: 0.0228
2023-10-24 20:48:12 INFO     	 Epoch 43 | average train loss: 0.0212
2023-10-24 20:48:13 INFO     	 Epoch 43 | average valid loss: 0.0228
2023-10-24 20:48:23 INFO     	 Epoch 44 | average train loss: 0.0211
2023-10-24 20:48:23 INFO     	 Epoch 44 | average valid loss: 0.0226
2023-10-24 20:48:30 INFO     	 valid MR: 173.51 | MRR: 0.307 | H@1: 0.218 | H@3: 0.338 | H@10: 0.486
2023-10-24 20:48:30 INFO     	 test MR: 181.55 | MRR: 0.306 | H@1: 0.217 | H@3: 0.335 | H@10: 0.483
2023-10-24 20:48:30 INFO     	 Saving model at epoch 44 in /data/liuruizhou/KGE_model/KGEmd/logs/10_24/FB237/RotH_20_37_12
2023-10-24 20:48:42 INFO     	 Epoch 45 | average train loss: 0.0211
2023-10-24 20:48:42 INFO     	 Epoch 45 | average valid loss: 0.0229
2023-10-24 20:48:54 INFO     	 Epoch 46 | average train loss: 0.0210
2023-10-24 20:48:54 INFO     	 Epoch 46 | average valid loss: 0.0227
2023-10-24 20:49:06 INFO     	 Epoch 47 | average train loss: 0.0209
2023-10-24 20:49:06 INFO     	 Epoch 47 | average valid loss: 0.0227
2023-10-24 20:49:17 INFO     	 Epoch 48 | average train loss: 0.0209
2023-10-24 20:49:17 INFO     	 Epoch 48 | average valid loss: 0.0226
2023-10-24 20:49:30 INFO     	 Epoch 49 | average train loss: 0.0208
2023-10-24 20:49:31 INFO     	 Epoch 49 | average valid loss: 0.0228
2023-10-24 20:49:38 INFO     	 valid MR: 171.97 | MRR: 0.309 | H@1: 0.220 | H@3: 0.337 | H@10: 0.486
2023-10-24 20:49:38 INFO     	 test MR: 180.25 | MRR: 0.308 | H@1: 0.219 | H@3: 0.337 | H@10: 0.487
2023-10-24 20:49:38 INFO     	 Saving model at epoch 49 in /data/liuruizhou/KGE_model/KGEmd/logs/10_24/FB237/RotH_20_37_12
2023-10-24 20:49:49 INFO     	 Epoch 50 | average train loss: 0.0208
2023-10-24 20:49:49 INFO     	 Epoch 50 | average valid loss: 0.0227
2023-10-24 20:49:59 INFO     	 Epoch 51 | average train loss: 0.0207
2023-10-24 20:49:59 INFO     	 Epoch 51 | average valid loss: 0.0226
2023-10-24 20:50:09 INFO     	 Epoch 52 | average train loss: 0.0207
2023-10-24 20:50:09 INFO     	 Epoch 52 | average valid loss: 0.0225
2023-10-24 20:50:19 INFO     	 Epoch 53 | average train loss: 0.0206
2023-10-24 20:50:19 INFO     	 Epoch 53 | average valid loss: 0.0227
2023-10-24 20:50:33 INFO     	 Epoch 54 | average train loss: 0.0206
2023-10-24 20:50:33 INFO     	 Epoch 54 | average valid loss: 0.0227
2023-10-24 20:50:40 INFO     	 valid MR: 170.94 | MRR: 0.309 | H@1: 0.220 | H@3: 0.340 | H@10: 0.486
2023-10-24 20:50:40 INFO     	 test MR: 179.08 | MRR: 0.308 | H@1: 0.219 | H@3: 0.339 | H@10: 0.487
2023-10-24 20:50:40 INFO     	 Saving model at epoch 54 in /data/liuruizhou/KGE_model/KGEmd/logs/10_24/FB237/RotH_20_37_12
2023-10-24 20:50:55 INFO     	 Epoch 55 | average train loss: 0.0205
2023-10-24 20:50:55 INFO     	 Epoch 55 | average valid loss: 0.0227
2023-10-24 20:51:08 INFO     	 Epoch 56 | average train loss: 0.0204
2023-10-24 20:51:09 INFO     	 Epoch 56 | average valid loss: 0.0226
2023-10-24 20:51:22 INFO     	 Epoch 57 | average train loss: 0.0204
2023-10-24 20:51:22 INFO     	 Epoch 57 | average valid loss: 0.0225
2023-10-24 20:51:32 INFO     	 Epoch 58 | average train loss: 0.0203
2023-10-24 20:51:32 INFO     	 Epoch 58 | average valid loss: 0.0226
2023-10-24 20:51:41 INFO     	 Epoch 59 | average train loss: 0.0203
2023-10-24 20:51:41 INFO     	 Epoch 59 | average valid loss: 0.0226
2023-10-24 20:51:48 INFO     	 valid MR: 170.37 | MRR: 0.310 | H@1: 0.220 | H@3: 0.341 | H@10: 0.489
2023-10-24 20:51:48 INFO     	 test MR: 178.73 | MRR: 0.309 | H@1: 0.220 | H@3: 0.340 | H@10: 0.489
2023-10-24 20:51:48 INFO     	 Saving model at epoch 59 in /data/liuruizhou/KGE_model/KGEmd/logs/10_24/FB237/RotH_20_37_12
2023-10-24 20:52:01 INFO     	 Epoch 60 | average train loss: 0.0203
2023-10-24 20:52:01 INFO     	 Epoch 60 | average valid loss: 0.0225
2023-10-24 20:52:22 INFO     	 Epoch 61 | average train loss: 0.0202
2023-10-24 20:52:22 INFO     	 Epoch 61 | average valid loss: 0.0225
2023-10-24 20:52:33 INFO     	 Epoch 62 | average train loss: 0.0202
2023-10-24 20:52:33 INFO     	 Epoch 62 | average valid loss: 0.0225
2023-10-24 20:52:44 INFO     	 Epoch 63 | average train loss: 0.0201
2023-10-24 20:52:44 INFO     	 Epoch 63 | average valid loss: 0.0225
2023-10-24 20:53:01 INFO     	 Epoch 64 | average train loss: 0.0201
2023-10-24 20:53:01 INFO     	 Epoch 64 | average valid loss: 0.0225
2023-10-24 20:53:09 INFO     	 valid MR: 169.32 | MRR: 0.312 | H@1: 0.222 | H@3: 0.341 | H@10: 0.491
2023-10-24 20:53:09 INFO     	 test MR: 178.08 | MRR: 0.310 | H@1: 0.221 | H@3: 0.340 | H@10: 0.489
2023-10-24 20:53:09 INFO     	 Saving model at epoch 64 in /data/liuruizhou/KGE_model/KGEmd/logs/10_24/FB237/RotH_20_37_12
2023-10-24 20:53:23 INFO     	 Epoch 65 | average train loss: 0.0200
2023-10-24 20:53:23 INFO     	 Epoch 65 | average valid loss: 0.0227
2023-10-24 20:53:36 INFO     	 Epoch 66 | average train loss: 0.0200
2023-10-24 20:53:36 INFO     	 Epoch 66 | average valid loss: 0.0226
2023-10-24 20:53:48 INFO     	 Epoch 67 | average train loss: 0.0200
2023-10-24 20:53:48 INFO     	 Epoch 67 | average valid loss: 0.0225
2023-10-24 20:53:59 INFO     	 Epoch 68 | average train loss: 0.0199
2023-10-24 20:53:59 INFO     	 Epoch 68 | average valid loss: 0.0227
2023-10-24 20:54:13 INFO     	 Epoch 69 | average train loss: 0.0199
2023-10-24 20:54:13 INFO     	 Epoch 69 | average valid loss: 0.0226
2023-10-24 20:54:21 INFO     	 valid MR: 168.98 | MRR: 0.312 | H@1: 0.222 | H@3: 0.342 | H@10: 0.491
2023-10-24 20:54:21 INFO     	 test MR: 177.54 | MRR: 0.311 | H@1: 0.221 | H@3: 0.341 | H@10: 0.491
2023-10-24 20:54:21 INFO     	 Saving model at epoch 69 in /data/liuruizhou/KGE_model/KGEmd/logs/10_24/FB237/RotH_20_37_12
2023-10-24 20:54:35 INFO     	 Epoch 70 | average train loss: 0.0198
2023-10-24 20:54:35 INFO     	 Epoch 70 | average valid loss: 0.0226
2023-10-24 20:54:48 INFO     	 Epoch 71 | average train loss: 0.0198
2023-10-24 20:54:48 INFO     	 Epoch 71 | average valid loss: 0.0225
2023-10-24 20:54:59 INFO     	 Epoch 72 | average train loss: 0.0198
2023-10-24 20:54:59 INFO     	 Epoch 72 | average valid loss: 0.0225
2023-10-24 20:55:12 INFO     	 Epoch 73 | average train loss: 0.0197
2023-10-24 20:55:12 INFO     	 Epoch 73 | average valid loss: 0.0225
2023-10-24 20:55:23 INFO     	 Epoch 74 | average train loss: 0.0197
2023-10-24 20:55:23 INFO     	 Epoch 74 | average valid loss: 0.0225
2023-10-24 20:55:31 INFO     	 valid MR: 169.94 | MRR: 0.312 | H@1: 0.223 | H@3: 0.344 | H@10: 0.492
2023-10-24 20:55:31 INFO     	 test MR: 178.17 | MRR: 0.311 | H@1: 0.222 | H@3: 0.341 | H@10: 0.491
2023-10-24 20:55:31 INFO     	 Saving model at epoch 74 in /data/liuruizhou/KGE_model/KGEmd/logs/10_24/FB237/RotH_20_37_12
2023-10-24 20:55:44 INFO     	 Epoch 75 | average train loss: 0.0197
2023-10-24 20:55:44 INFO     	 Epoch 75 | average valid loss: 0.0227
2023-10-24 20:55:58 INFO     	 Epoch 76 | average train loss: 0.0196
2023-10-24 20:55:58 INFO     	 Epoch 76 | average valid loss: 0.0226
2023-10-24 20:56:08 INFO     	 Epoch 77 | average train loss: 0.0196
2023-10-24 20:56:08 INFO     	 Epoch 77 | average valid loss: 0.0226
2023-10-24 20:56:21 INFO     	 Epoch 78 | average train loss: 0.0195
2023-10-24 20:56:21 INFO     	 Epoch 78 | average valid loss: 0.0226
2023-10-24 20:56:34 INFO     	 Epoch 79 | average train loss: 0.0195
2023-10-24 20:56:34 INFO     	 Epoch 79 | average valid loss: 0.0226
2023-10-24 20:56:43 INFO     	 valid MR: 169.27 | MRR: 0.312 | H@1: 0.223 | H@3: 0.343 | H@10: 0.493
2023-10-24 20:56:43 INFO     	 test MR: 178.05 | MRR: 0.311 | H@1: 0.222 | H@3: 0.341 | H@10: 0.493
2023-10-24 20:56:43 INFO     	 Saving model at epoch 79 in /data/liuruizhou/KGE_model/KGEmd/logs/10_24/FB237/RotH_20_37_12
2023-10-24 20:56:55 INFO     	 Epoch 80 | average train loss: 0.0195
2023-10-24 20:56:55 INFO     	 Epoch 80 | average valid loss: 0.0225
2023-10-24 20:57:08 INFO     	 Epoch 81 | average train loss: 0.0194
2023-10-24 20:57:08 INFO     	 Epoch 81 | average valid loss: 0.0226
2023-10-24 20:57:20 INFO     	 Epoch 82 | average train loss: 0.0194
2023-10-24 20:57:21 INFO     	 Epoch 82 | average valid loss: 0.0226
2023-10-24 20:57:40 INFO     	 Epoch 83 | average train loss: 0.0194
2023-10-24 20:57:40 INFO     	 Epoch 83 | average valid loss: 0.0224
2023-10-24 20:57:52 INFO     	 Epoch 84 | average train loss: 0.0194
2023-10-24 20:57:52 INFO     	 Epoch 84 | average valid loss: 0.0226
2023-10-24 20:58:01 INFO     	 valid MR: 168.48 | MRR: 0.313 | H@1: 0.223 | H@3: 0.343 | H@10: 0.492
2023-10-24 20:58:01 INFO     	 test MR: 177.20 | MRR: 0.312 | H@1: 0.222 | H@3: 0.342 | H@10: 0.493
2023-10-24 20:58:01 INFO     	 Saving model at epoch 84 in /data/liuruizhou/KGE_model/KGEmd/logs/10_24/FB237/RotH_20_37_12
2023-10-24 20:58:12 INFO     	 Epoch 85 | average train loss: 0.0194
2023-10-24 20:58:12 INFO     	 Epoch 85 | average valid loss: 0.0225
2023-10-24 20:58:23 INFO     	 Epoch 86 | average train loss: 0.0193
2023-10-24 20:58:23 INFO     	 Epoch 86 | average valid loss: 0.0225
2023-10-24 20:58:34 INFO     	 Epoch 87 | average train loss: 0.0193
2023-10-24 20:58:34 INFO     	 Epoch 87 | average valid loss: 0.0226
2023-10-24 20:58:46 INFO     	 Epoch 88 | average train loss: 0.0193
2023-10-24 20:58:46 INFO     	 Epoch 88 | average valid loss: 0.0226
2023-10-24 20:58:59 INFO     	 Epoch 89 | average train loss: 0.0192
2023-10-24 20:58:59 INFO     	 Epoch 89 | average valid loss: 0.0227
2023-10-24 20:59:08 INFO     	 valid MR: 168.35 | MRR: 0.313 | H@1: 0.223 | H@3: 0.345 | H@10: 0.492
2023-10-24 20:59:08 INFO     	 test MR: 176.96 | MRR: 0.313 | H@1: 0.224 | H@3: 0.343 | H@10: 0.494
2023-10-24 20:59:08 INFO     	 Saving model at epoch 89 in /data/liuruizhou/KGE_model/KGEmd/logs/10_24/FB237/RotH_20_37_12
2023-10-24 20:59:21 INFO     	 Epoch 90 | average train loss: 0.0192
2023-10-24 20:59:22 INFO     	 Epoch 90 | average valid loss: 0.0227
2023-10-24 20:59:33 INFO     	 Epoch 91 | average train loss: 0.0192
2023-10-24 20:59:34 INFO     	 Epoch 91 | average valid loss: 0.0226
2023-10-24 20:59:48 INFO     	 Epoch 92 | average train loss: 0.0191
2023-10-24 20:59:48 INFO     	 Epoch 92 | average valid loss: 0.0226
2023-10-24 20:59:59 INFO     	 Epoch 93 | average train loss: 0.0191
2023-10-24 20:59:59 INFO     	 Epoch 93 | average valid loss: 0.0227
2023-10-24 21:00:09 INFO     	 Epoch 94 | average train loss: 0.0191
2023-10-24 21:00:09 INFO     	 Epoch 94 | average valid loss: 0.0228
2023-10-24 21:00:18 INFO     	 valid MR: 168.48 | MRR: 0.314 | H@1: 0.224 | H@3: 0.344 | H@10: 0.494
2023-10-24 21:00:18 INFO     	 test MR: 176.91 | MRR: 0.312 | H@1: 0.223 | H@3: 0.343 | H@10: 0.494
2023-10-24 21:00:31 INFO     	 Epoch 95 | average train loss: 0.0191
2023-10-24 21:00:31 INFO     	 Epoch 95 | average valid loss: 0.0226
2023-10-24 21:00:44 INFO     	 Epoch 96 | average train loss: 0.0190
2023-10-24 21:00:45 INFO     	 Epoch 96 | average valid loss: 0.0227
2023-10-24 21:00:58 INFO     	 Epoch 97 | average train loss: 0.0190
2023-10-24 21:00:58 INFO     	 Epoch 97 | average valid loss: 0.0226
2023-10-24 21:01:09 INFO     	 Epoch 98 | average train loss: 0.0190
2023-10-24 21:01:09 INFO     	 Epoch 98 | average valid loss: 0.0228
2023-10-24 21:01:21 INFO     	 Epoch 99 | average train loss: 0.0190
2023-10-24 21:01:21 INFO     	 Epoch 99 | average valid loss: 0.0228
2023-10-24 21:01:30 INFO     	 valid MR: 168.34 | MRR: 0.314 | H@1: 0.224 | H@3: 0.345 | H@10: 0.494
2023-10-24 21:01:30 INFO     	 test MR: 177.15 | MRR: 0.313 | H@1: 0.223 | H@3: 0.343 | H@10: 0.494
2023-10-24 21:01:40 INFO     	 Epoch 100 | average train loss: 0.0189
2023-10-24 21:01:40 INFO     	 Epoch 100 | average valid loss: 0.0228
2023-10-24 21:01:50 INFO     	 Epoch 101 | average train loss: 0.0189
2023-10-24 21:01:50 INFO     	 Epoch 101 | average valid loss: 0.0226
2023-10-24 21:02:00 INFO     	 Epoch 102 | average train loss: 0.0189
2023-10-24 21:02:01 INFO     	 Epoch 102 | average valid loss: 0.0226
2023-10-24 21:02:11 INFO     	 Epoch 103 | average train loss: 0.0189
2023-10-24 21:02:11 INFO     	 Epoch 103 | average valid loss: 0.0226
2023-10-24 21:02:21 INFO     	 Epoch 104 | average train loss: 0.0189
2023-10-24 21:02:21 INFO     	 Epoch 104 | average valid loss: 0.0228
2023-10-24 21:02:30 INFO     	 valid MR: 168.43 | MRR: 0.314 | H@1: 0.224 | H@3: 0.344 | H@10: 0.494
2023-10-24 21:02:30 INFO     	 test MR: 177.10 | MRR: 0.313 | H@1: 0.223 | H@3: 0.343 | H@10: 0.493
2023-10-24 21:02:43 INFO     	 Epoch 105 | average train loss: 0.0188
2023-10-24 21:02:43 INFO     	 Epoch 105 | average valid loss: 0.0228
2023-10-24 21:02:56 INFO     	 Epoch 106 | average train loss: 0.0188
2023-10-24 21:02:56 INFO     	 Epoch 106 | average valid loss: 0.0227
2023-10-24 21:03:09 INFO     	 Epoch 107 | average train loss: 0.0188
2023-10-24 21:03:09 INFO     	 Epoch 107 | average valid loss: 0.0227
2023-10-24 21:03:24 INFO     	 Epoch 108 | average train loss: 0.0187
2023-10-24 21:03:25 INFO     	 Epoch 108 | average valid loss: 0.0227
2023-10-24 21:03:37 INFO     	 Epoch 109 | average train loss: 0.0188
2023-10-24 21:03:37 INFO     	 Epoch 109 | average valid loss: 0.0228
2023-10-24 21:03:47 INFO     	 valid MR: 168.08 | MRR: 0.313 | H@1: 0.223 | H@3: 0.343 | H@10: 0.496
2023-10-24 21:03:47 INFO     	 test MR: 176.71 | MRR: 0.313 | H@1: 0.223 | H@3: 0.343 | H@10: 0.494
2023-10-24 21:04:01 INFO     	 Epoch 110 | average train loss: 0.0187
2023-10-24 21:04:01 INFO     	 Epoch 110 | average valid loss: 0.0228
2023-10-24 21:04:12 INFO     	 Epoch 111 | average train loss: 0.0187
2023-10-24 21:04:12 INFO     	 Epoch 111 | average valid loss: 0.0227
2023-10-24 21:04:26 INFO     	 Epoch 112 | average train loss: 0.0187
2023-10-24 21:04:26 INFO     	 Epoch 112 | average valid loss: 0.0227
2023-10-24 21:04:38 INFO     	 Epoch 113 | average train loss: 0.0187
2023-10-24 21:04:38 INFO     	 Epoch 113 | average valid loss: 0.0228
2023-10-24 21:04:49 INFO     	 Epoch 114 | average train loss: 0.0186
2023-10-24 21:04:49 INFO     	 Epoch 114 | average valid loss: 0.0227
2023-10-24 21:04:59 INFO     	 valid MR: 168.59 | MRR: 0.314 | H@1: 0.224 | H@3: 0.345 | H@10: 0.494
2023-10-24 21:04:59 INFO     	 test MR: 177.44 | MRR: 0.312 | H@1: 0.222 | H@3: 0.344 | H@10: 0.494
2023-10-24 21:05:11 INFO     	 Epoch 115 | average train loss: 0.0186
2023-10-24 21:05:11 INFO     	 Epoch 115 | average valid loss: 0.0228
2023-10-24 21:05:27 INFO     	 Epoch 116 | average train loss: 0.0186
2023-10-24 21:05:27 INFO     	 Epoch 116 | average valid loss: 0.0229
2023-10-24 21:05:40 INFO     	 Epoch 117 | average train loss: 0.0186
2023-10-24 21:05:40 INFO     	 Epoch 117 | average valid loss: 0.0227
2023-10-24 21:05:54 INFO     	 Epoch 118 | average train loss: 0.0185
2023-10-24 21:05:54 INFO     	 Epoch 118 | average valid loss: 0.0228
2023-10-24 21:06:07 INFO     	 Epoch 119 | average train loss: 0.0185
2023-10-24 21:06:07 INFO     	 Epoch 119 | average valid loss: 0.0226
2023-10-24 21:06:18 INFO     	 valid MR: 168.33 | MRR: 0.315 | H@1: 0.225 | H@3: 0.345 | H@10: 0.495
2023-10-24 21:06:18 INFO     	 test MR: 177.40 | MRR: 0.313 | H@1: 0.223 | H@3: 0.346 | H@10: 0.496
2023-10-24 21:06:18 INFO     	 Saving model at epoch 119 in /data/liuruizhou/KGE_model/KGEmd/logs/10_24/FB237/RotH_20_37_12
2023-10-24 21:06:31 INFO     	 Epoch 120 | average train loss: 0.0185
2023-10-24 21:06:31 INFO     	 Epoch 120 | average valid loss: 0.0228
2023-10-24 21:06:44 INFO     	 Epoch 121 | average train loss: 0.0185
2023-10-24 21:06:45 INFO     	 Epoch 121 | average valid loss: 0.0227
2023-10-24 21:06:58 INFO     	 Epoch 122 | average train loss: 0.0185
2023-10-24 21:06:58 INFO     	 Epoch 122 | average valid loss: 0.0227
2023-10-24 21:07:11 INFO     	 Epoch 123 | average train loss: 0.0184
2023-10-24 21:07:12 INFO     	 Epoch 123 | average valid loss: 0.0228
2023-10-24 21:07:26 INFO     	 Epoch 124 | average train loss: 0.0184
2023-10-24 21:07:26 INFO     	 Epoch 124 | average valid loss: 0.0228
2023-10-24 21:07:37 INFO     	 valid MR: 168.43 | MRR: 0.314 | H@1: 0.223 | H@3: 0.343 | H@10: 0.495
2023-10-24 21:07:37 INFO     	 test MR: 177.36 | MRR: 0.313 | H@1: 0.223 | H@3: 0.343 | H@10: 0.494
2023-10-24 21:07:50 INFO     	 Epoch 125 | average train loss: 0.0184
2023-10-24 21:07:50 INFO     	 Epoch 125 | average valid loss: 0.0227
2023-10-24 21:08:01 INFO     	 Epoch 126 | average train loss: 0.0184
2023-10-24 21:08:01 INFO     	 Epoch 126 | average valid loss: 0.0228
2023-10-24 21:08:12 INFO     	 Epoch 127 | average train loss: 0.0184
2023-10-24 21:08:12 INFO     	 Epoch 127 | average valid loss: 0.0228
2023-10-24 21:08:30 INFO     	 Epoch 128 | average train loss: 0.0184
2023-10-24 21:08:30 INFO     	 Epoch 128 | average valid loss: 0.0227
2023-10-24 21:08:43 INFO     	 Epoch 129 | average train loss: 0.0184
2023-10-24 21:08:43 INFO     	 Epoch 129 | average valid loss: 0.0229
2023-10-24 21:08:54 INFO     	 valid MR: 167.88 | MRR: 0.314 | H@1: 0.224 | H@3: 0.345 | H@10: 0.494
2023-10-24 21:08:54 INFO     	 test MR: 176.78 | MRR: 0.314 | H@1: 0.224 | H@3: 0.344 | H@10: 0.495
2023-10-24 21:08:54 INFO     	 Saving model at epoch 129 in /data/liuruizhou/KGE_model/KGEmd/logs/10_24/FB237/RotH_20_37_12
2023-10-24 21:09:08 INFO     	 Epoch 130 | average train loss: 0.0183
2023-10-24 21:09:08 INFO     	 Epoch 130 | average valid loss: 0.0229
2023-10-24 21:09:21 INFO     	 Epoch 131 | average train loss: 0.0183
2023-10-24 21:09:21 INFO     	 Epoch 131 | average valid loss: 0.0229
2023-10-24 21:09:31 INFO     	 Epoch 132 | average train loss: 0.0183
2023-10-24 21:09:31 INFO     	 Epoch 132 | average valid loss: 0.0227
2023-10-24 21:09:45 INFO     	 Epoch 133 | average train loss: 0.0183
2023-10-24 21:09:45 INFO     	 Epoch 133 | average valid loss: 0.0229
2023-10-24 21:09:58 INFO     	 Epoch 134 | average train loss: 0.0183
2023-10-24 21:09:59 INFO     	 Epoch 134 | average valid loss: 0.0230
2023-10-24 21:10:09 INFO     	 valid MR: 168.68 | MRR: 0.315 | H@1: 0.224 | H@3: 0.346 | H@10: 0.495
2023-10-24 21:10:09 INFO     	 test MR: 177.47 | MRR: 0.314 | H@1: 0.224 | H@3: 0.344 | H@10: 0.494
2023-10-24 21:10:18 INFO     	 Epoch 135 | average train loss: 0.0182
2023-10-24 21:10:19 INFO     	 Epoch 135 | average valid loss: 0.0229
2023-10-24 21:10:28 INFO     	 Epoch 136 | average train loss: 0.0182
2023-10-24 21:10:28 INFO     	 Epoch 136 | average valid loss: 0.0229
2023-10-24 21:10:38 INFO     	 Epoch 137 | average train loss: 0.0182
2023-10-24 21:10:38 INFO     	 Epoch 137 | average valid loss: 0.0230
2023-10-24 21:10:47 INFO     	 Epoch 138 | average train loss: 0.0182
2023-10-24 21:10:47 INFO     	 Epoch 138 | average valid loss: 0.0228
2023-10-24 21:10:57 INFO     	 Epoch 139 | average train loss: 0.0182
2023-10-24 21:10:57 INFO     	 Epoch 139 | average valid loss: 0.0228
2023-10-24 21:11:07 INFO     	 valid MR: 168.88 | MRR: 0.315 | H@1: 0.224 | H@3: 0.346 | H@10: 0.496
2023-10-24 21:11:07 INFO     	 test MR: 177.82 | MRR: 0.314 | H@1: 0.224 | H@3: 0.344 | H@10: 0.495
2023-10-24 21:11:07 INFO     	 Saving model at epoch 139 in /data/liuruizhou/KGE_model/KGEmd/logs/10_24/FB237/RotH_20_37_12
2023-10-24 21:11:16 INFO     	 Epoch 140 | average train loss: 0.0182
2023-10-24 21:11:16 INFO     	 Epoch 140 | average valid loss: 0.0229
2023-10-24 21:11:26 INFO     	 Epoch 141 | average train loss: 0.0181
2023-10-24 21:11:26 INFO     	 Epoch 141 | average valid loss: 0.0229
2023-10-24 21:11:35 INFO     	 Epoch 142 | average train loss: 0.0181
2023-10-24 21:11:35 INFO     	 Epoch 142 | average valid loss: 0.0228
2023-10-24 21:11:45 INFO     	 Epoch 143 | average train loss: 0.0181
2023-10-24 21:11:45 INFO     	 Epoch 143 | average valid loss: 0.0229
2023-10-24 21:11:54 INFO     	 Epoch 144 | average train loss: 0.0181
2023-10-24 21:11:54 INFO     	 Epoch 144 | average valid loss: 0.0228
2023-10-24 21:12:04 INFO     	 valid MR: 168.33 | MRR: 0.315 | H@1: 0.225 | H@3: 0.344 | H@10: 0.496
2023-10-24 21:12:04 INFO     	 test MR: 177.52 | MRR: 0.314 | H@1: 0.223 | H@3: 0.344 | H@10: 0.496
2023-10-24 21:12:14 INFO     	 Epoch 145 | average train loss: 0.0181
2023-10-24 21:12:14 INFO     	 Epoch 145 | average valid loss: 0.0228
2023-10-24 21:12:23 INFO     	 Epoch 146 | average train loss: 0.0181
2023-10-24 21:12:23 INFO     	 Epoch 146 | average valid loss: 0.0230
2023-10-24 21:12:33 INFO     	 Epoch 147 | average train loss: 0.0181
2023-10-24 21:12:33 INFO     	 Epoch 147 | average valid loss: 0.0229
2023-10-24 21:12:43 INFO     	 Epoch 148 | average train loss: 0.0180
2023-10-24 21:12:43 INFO     	 Epoch 148 | average valid loss: 0.0228
2023-10-24 21:12:52 INFO     	 Epoch 149 | average train loss: 0.0180
2023-10-24 21:12:52 INFO     	 Epoch 149 | average valid loss: 0.0229
2023-10-24 21:13:02 INFO     	 valid MR: 168.40 | MRR: 0.315 | H@1: 0.224 | H@3: 0.345 | H@10: 0.496
2023-10-24 21:13:02 INFO     	 test MR: 177.61 | MRR: 0.314 | H@1: 0.224 | H@3: 0.345 | H@10: 0.495
2023-10-24 21:13:02 INFO     	 Saving model at epoch 149 in /data/liuruizhou/KGE_model/KGEmd/logs/10_24/FB237/RotH_20_37_12
2023-10-24 21:13:12 INFO     	 Epoch 150 | average train loss: 0.0180
2023-10-24 21:13:12 INFO     	 Epoch 150 | average valid loss: 0.0230
2023-10-24 21:13:24 INFO     	 Epoch 151 | average train loss: 0.0180
2023-10-24 21:13:24 INFO     	 Epoch 151 | average valid loss: 0.0229
2023-10-24 21:13:34 INFO     	 Epoch 152 | average train loss: 0.0180
2023-10-24 21:13:34 INFO     	 Epoch 152 | average valid loss: 0.0230
2023-10-24 21:13:44 INFO     	 Epoch 153 | average train loss: 0.0180
2023-10-24 21:13:44 INFO     	 Epoch 153 | average valid loss: 0.0231
2023-10-24 21:13:53 INFO     	 Epoch 154 | average train loss: 0.0179
2023-10-24 21:13:53 INFO     	 Epoch 154 | average valid loss: 0.0231
2023-10-24 21:14:05 INFO     	 valid MR: 168.36 | MRR: 0.315 | H@1: 0.224 | H@3: 0.345 | H@10: 0.495
2023-10-24 21:14:05 INFO     	 test MR: 177.52 | MRR: 0.313 | H@1: 0.223 | H@3: 0.345 | H@10: 0.495
2023-10-24 21:14:17 INFO     	 Epoch 155 | average train loss: 0.0179
2023-10-24 21:14:17 INFO     	 Epoch 155 | average valid loss: 0.0229
2023-10-24 21:14:31 INFO     	 Epoch 156 | average train loss: 0.0179
2023-10-24 21:14:31 INFO     	 Epoch 156 | average valid loss: 0.0230
2023-10-24 21:14:42 INFO     	 Epoch 157 | average train loss: 0.0179
2023-10-24 21:14:42 INFO     	 Epoch 157 | average valid loss: 0.0229
2023-10-24 21:14:55 INFO     	 Epoch 158 | average train loss: 0.0179
2023-10-24 21:14:56 INFO     	 Epoch 158 | average valid loss: 0.0229
2023-10-24 21:15:09 INFO     	 Epoch 159 | average train loss: 0.0179
2023-10-24 21:15:09 INFO     	 Epoch 159 | average valid loss: 0.0230
2023-10-24 21:15:22 INFO     	 valid MR: 169.25 | MRR: 0.315 | H@1: 0.224 | H@3: 0.346 | H@10: 0.495
2023-10-24 21:15:22 INFO     	 test MR: 177.94 | MRR: 0.314 | H@1: 0.223 | H@3: 0.345 | H@10: 0.495
2023-10-24 21:15:36 INFO     	 Epoch 160 | average train loss: 0.0179
2023-10-24 21:15:36 INFO     	 Epoch 160 | average valid loss: 0.0231
2023-10-24 21:15:52 INFO     	 Epoch 161 | average train loss: 0.0179
2023-10-24 21:15:53 INFO     	 Epoch 161 | average valid loss: 0.0229
2023-10-24 21:16:08 INFO     	 Epoch 162 | average train loss: 0.0179
2023-10-24 21:16:08 INFO     	 Epoch 162 | average valid loss: 0.0231
2023-10-24 21:16:18 INFO     	 Epoch 163 | average train loss: 0.0178
2023-10-24 21:16:19 INFO     	 Epoch 163 | average valid loss: 0.0231
2023-10-24 21:16:32 INFO     	 Epoch 164 | average train loss: 0.0178
2023-10-24 21:16:32 INFO     	 Epoch 164 | average valid loss: 0.0230
2023-10-24 21:16:46 INFO     	 valid MR: 169.25 | MRR: 0.315 | H@1: 0.224 | H@3: 0.346 | H@10: 0.496
2023-10-24 21:16:46 INFO     	 test MR: 178.17 | MRR: 0.314 | H@1: 0.224 | H@3: 0.345 | H@10: 0.493
2023-10-24 21:16:56 INFO     	 Epoch 165 | average train loss: 0.0178
2023-10-24 21:16:56 INFO     	 Epoch 165 | average valid loss: 0.0230
2023-10-24 21:17:08 INFO     	 Epoch 166 | average train loss: 0.0178
2023-10-24 21:17:09 INFO     	 Epoch 166 | average valid loss: 0.0229
2023-10-24 21:17:20 INFO     	 Epoch 167 | average train loss: 0.0178
2023-10-24 21:17:20 INFO     	 Epoch 167 | average valid loss: 0.0231
2023-10-24 21:17:31 INFO     	 Epoch 168 | average train loss: 0.0178
2023-10-24 21:17:31 INFO     	 Epoch 168 | average valid loss: 0.0230
2023-10-24 21:17:45 INFO     	 Epoch 169 | average train loss: 0.0178
2023-10-24 21:17:45 INFO     	 Epoch 169 | average valid loss: 0.0231
2023-10-24 21:17:58 INFO     	 valid MR: 168.80 | MRR: 0.315 | H@1: 0.225 | H@3: 0.345 | H@10: 0.495
2023-10-24 21:17:58 INFO     	 test MR: 177.99 | MRR: 0.314 | H@1: 0.224 | H@3: 0.344 | H@10: 0.494
2023-10-24 21:18:10 INFO     	 Epoch 170 | average train loss: 0.0177
2023-10-24 21:18:11 INFO     	 Epoch 170 | average valid loss: 0.0231
2023-10-24 21:18:23 INFO     	 Epoch 171 | average train loss: 0.0178
2023-10-24 21:18:23 INFO     	 Epoch 171 | average valid loss: 0.0231
2023-10-24 21:18:41 INFO     	 Epoch 172 | average train loss: 0.0177
2023-10-24 21:18:41 INFO     	 Epoch 172 | average valid loss: 0.0231
2023-10-24 21:18:54 INFO     	 Epoch 173 | average train loss: 0.0177
2023-10-24 21:18:54 INFO     	 Epoch 173 | average valid loss: 0.0232
2023-10-24 21:19:09 INFO     	 Epoch 174 | average train loss: 0.0177
2023-10-24 21:19:09 INFO     	 Epoch 174 | average valid loss: 0.0229
2023-10-24 21:19:23 INFO     	 valid MR: 169.25 | MRR: 0.314 | H@1: 0.223 | H@3: 0.346 | H@10: 0.496
2023-10-24 21:19:23 INFO     	 test MR: 178.12 | MRR: 0.314 | H@1: 0.224 | H@3: 0.344 | H@10: 0.496
2023-10-24 21:19:34 INFO     	 Epoch 175 | average train loss: 0.0177
2023-10-24 21:19:34 INFO     	 Epoch 175 | average valid loss: 0.0231
2023-10-24 21:19:48 INFO     	 Epoch 176 | average train loss: 0.0177
2023-10-24 21:19:48 INFO     	 Epoch 176 | average valid loss: 0.0231
2023-10-24 21:20:02 INFO     	 Epoch 177 | average train loss: 0.0176
2023-10-24 21:20:03 INFO     	 Epoch 177 | average valid loss: 0.0232
2023-10-24 21:20:16 INFO     	 Epoch 178 | average train loss: 0.0176
2023-10-24 21:20:16 INFO     	 Epoch 178 | average valid loss: 0.0232
2023-10-24 21:20:35 INFO     	 Epoch 179 | average train loss: 0.0176
2023-10-24 21:20:35 INFO     	 Epoch 179 | average valid loss: 0.0230
2023-10-24 21:20:49 INFO     	 valid MR: 169.08 | MRR: 0.315 | H@1: 0.225 | H@3: 0.346 | H@10: 0.496
2023-10-24 21:20:49 INFO     	 test MR: 178.47 | MRR: 0.314 | H@1: 0.224 | H@3: 0.343 | H@10: 0.495
2023-10-24 21:21:01 INFO     	 Epoch 180 | average train loss: 0.0176
2023-10-24 21:21:01 INFO     	 Epoch 180 | average valid loss: 0.0232
2023-10-24 21:21:16 INFO     	 Epoch 181 | average train loss: 0.0176
2023-10-24 21:21:16 INFO     	 Epoch 181 | average valid loss: 0.0232
2023-10-24 21:21:30 INFO     	 Epoch 182 | average train loss: 0.0176
2023-10-24 21:21:30 INFO     	 Epoch 182 | average valid loss: 0.0233
2023-10-24 21:21:43 INFO     	 Epoch 183 | average train loss: 0.0176
2023-10-24 21:21:43 INFO     	 Epoch 183 | average valid loss: 0.0232
2023-10-24 21:21:56 INFO     	 Epoch 184 | average train loss: 0.0176
2023-10-24 21:21:56 INFO     	 Epoch 184 | average valid loss: 0.0232
2023-10-24 21:22:10 INFO     	 valid MR: 169.19 | MRR: 0.316 | H@1: 0.225 | H@3: 0.347 | H@10: 0.496
2023-10-24 21:22:10 INFO     	 test MR: 178.43 | MRR: 0.314 | H@1: 0.224 | H@3: 0.344 | H@10: 0.495
2023-10-24 21:22:22 INFO     	 Epoch 185 | average train loss: 0.0176
2023-10-24 21:22:22 INFO     	 Epoch 185 | average valid loss: 0.0232
2023-10-24 21:22:33 INFO     	 Epoch 186 | average train loss: 0.0176
2023-10-24 21:22:33 INFO     	 Epoch 186 | average valid loss: 0.0233
2023-10-24 21:22:47 INFO     	 Epoch 187 | average train loss: 0.0176
2023-10-24 21:22:47 INFO     	 Epoch 187 | average valid loss: 0.0232
2023-10-24 21:23:00 INFO     	 Epoch 188 | average train loss: 0.0175
2023-10-24 21:23:00 INFO     	 Epoch 188 | average valid loss: 0.0232
2023-10-24 21:23:13 INFO     	 Epoch 189 | average train loss: 0.0175
2023-10-24 21:23:13 INFO     	 Epoch 189 | average valid loss: 0.0232
2023-10-24 21:23:28 INFO     	 valid MR: 169.25 | MRR: 0.316 | H@1: 0.226 | H@3: 0.346 | H@10: 0.496
2023-10-24 21:23:28 INFO     	 test MR: 178.61 | MRR: 0.314 | H@1: 0.224 | H@3: 0.344 | H@10: 0.494
2023-10-24 21:23:44 INFO     	 Epoch 190 | average train loss: 0.0175
2023-10-24 21:23:44 INFO     	 Epoch 190 | average valid loss: 0.0231
2023-10-24 21:23:56 INFO     	 Epoch 191 | average train loss: 0.0175
2023-10-24 21:23:56 INFO     	 Epoch 191 | average valid loss: 0.0232
2023-10-24 21:24:07 INFO     	 Epoch 192 | average train loss: 0.0175
2023-10-24 21:24:07 INFO     	 Epoch 192 | average valid loss: 0.0233
2023-10-24 21:24:18 INFO     	 Epoch 193 | average train loss: 0.0175
2023-10-24 21:24:18 INFO     	 Epoch 193 | average valid loss: 0.0231
2023-10-24 21:24:32 INFO     	 Epoch 194 | average train loss: 0.0175
2023-10-24 21:24:32 INFO     	 Epoch 194 | average valid loss: 0.0233
2023-10-24 21:24:47 INFO     	 valid MR: 169.47 | MRR: 0.315 | H@1: 0.225 | H@3: 0.346 | H@10: 0.497
2023-10-24 21:24:47 INFO     	 test MR: 178.76 | MRR: 0.314 | H@1: 0.224 | H@3: 0.344 | H@10: 0.496
2023-10-24 21:25:01 INFO     	 Epoch 195 | average train loss: 0.0175
2023-10-24 21:25:01 INFO     	 Epoch 195 | average valid loss: 0.0233
2023-10-24 21:25:13 INFO     	 Epoch 196 | average train loss: 0.0174
2023-10-24 21:25:14 INFO     	 Epoch 196 | average valid loss: 0.0233
2023-10-24 21:25:27 INFO     	 Epoch 197 | average train loss: 0.0174
2023-10-24 21:25:27 INFO     	 Epoch 197 | average valid loss: 0.0233
2023-10-24 21:25:41 INFO     	 Epoch 198 | average train loss: 0.0174
2023-10-24 21:25:41 INFO     	 Epoch 198 | average valid loss: 0.0232
2023-10-24 21:25:51 INFO     	 Epoch 199 | average train loss: 0.0175
2023-10-24 21:25:51 INFO     	 Epoch 199 | average valid loss: 0.0233
2023-10-24 21:26:06 INFO     	 valid MR: 169.11 | MRR: 0.315 | H@1: 0.224 | H@3: 0.345 | H@10: 0.495
2023-10-24 21:26:06 INFO     	 test MR: 178.38 | MRR: 0.313 | H@1: 0.223 | H@3: 0.344 | H@10: 0.495
2023-10-24 21:26:06 INFO     	 Early stopping
2023-10-24 21:26:06 INFO     	 Optimization finished
2023-10-24 21:26:06 INFO     	 Loading best model saved at epoch 149
